[0.021s] Invoking command in '/home/kaymarrr/fra501_ws/build/turtlesim_control': CMAKE_PREFIX_PATH=${CMAKE_PREFIX_PATH}:/opt/ros/humble /usr/bin/cmake /home/kaymarrr/fra501_ws/src/turtlesim_control -DCMAKE_INSTALL_PREFIX=/home/kaymarrr/fra501_ws/install/turtlesim_control
[0.150s] -- The C compiler identification is GNU 11.4.0
[0.234s] -- The CXX compiler identification is GNU 11.4.0
[0.241s] -- Detecting C compiler ABI info
[0.305s] -- Detecting C compiler ABI info - done
[0.313s] -- Check for working C compiler: /usr/bin/cc - skipped
[0.313s] -- Detecting C compile features
[0.313s] -- Detecting C compile features - done
[0.315s] -- Detecting CXX compiler ABI info
[0.383s] -- Detecting CXX compiler ABI info - done
[0.394s] -- Check for working CXX compiler: /usr/bin/c++ - skipped
[0.395s] -- Detecting CXX compile features
[0.396s] -- Detecting CXX compile features - done
[0.397s] -- Found ament_cmake: 1.3.5 (/opt/ros/humble/share/ament_cmake/cmake)
[0.551s] -- Found Python3: /usr/bin/python3.10 (found version "3.10.12") found components: Interpreter 
[0.628s] -- Found rclcpp: 16.0.5 (/opt/ros/humble/share/rclcpp/cmake)
[0.661s] -- Found rosidl_generator_c: 3.1.5 (/opt/ros/humble/share/rosidl_generator_c/cmake)
[0.665s] -- Found rosidl_adapter: 3.1.5 (/opt/ros/humble/share/rosidl_adapter/cmake)
[0.671s] -- Found rosidl_generator_cpp: 3.1.5 (/opt/ros/humble/share/rosidl_generator_cpp/cmake)
[0.682s] -- Using all available rosidl_typesupport_c: rosidl_typesupport_fastrtps_c;rosidl_typesupport_introspection_c
[0.703s] -- Using all available rosidl_typesupport_cpp: rosidl_typesupport_fastrtps_cpp;rosidl_typesupport_introspection_cpp
[0.760s] -- Found rmw_implementation_cmake: 6.1.1 (/opt/ros/humble/share/rmw_implementation_cmake/cmake)
[0.762s] -- Found rmw_fastrtps_cpp: 6.2.3 (/opt/ros/humble/share/rmw_fastrtps_cpp/cmake)
[0.849s] -- Found OpenSSL: /usr/lib/x86_64-linux-gnu/libcrypto.so (found version "3.0.2")  
[0.880s] -- Found FastRTPS: /opt/ros/humble/include  
[0.923s] -- Using RMW implementation 'rmw_fastrtps_cpp' as default
[0.931s] -- Looking for pthread.h
[0.987s] -- Looking for pthread.h - found
[0.988s] -- Performing Test CMAKE_HAVE_LIBC_PTHREAD
[1.052s] -- Performing Test CMAKE_HAVE_LIBC_PTHREAD - Success
[1.053s] -- Found Threads: TRUE  
[1.193s] -- Found rclpy: 3.3.9 (/opt/ros/humble/share/rclpy/cmake)
[1.340s] -- Configuring done
[1.344s] -- Generating done
[1.345s] -- Build files have been written to: /home/kaymarrr/fra501_ws/build/turtlesim_control
[1.353s] Invoked command in '/home/kaymarrr/fra501_ws/build/turtlesim_control' returned '0': CMAKE_PREFIX_PATH=${CMAKE_PREFIX_PATH}:/opt/ros/humble /usr/bin/cmake /home/kaymarrr/fra501_ws/src/turtlesim_control -DCMAKE_INSTALL_PREFIX=/home/kaymarrr/fra501_ws/install/turtlesim_control
[1.355s] Invoking command in '/home/kaymarrr/fra501_ws/build/turtlesim_control': CMAKE_PREFIX_PATH=${CMAKE_PREFIX_PATH}:/opt/ros/humble /usr/bin/cmake --build /home/kaymarrr/fra501_ws/build/turtlesim_control -- -j16 -l16
[1.402s] Built target ament_cmake_python_copy_turtlesim_control
[1.628s] running egg_info
[1.628s] creating turtlesim_control.egg-info
[1.628s] writing turtlesim_control.egg-info/PKG-INFO
[1.629s] writing dependency_links to turtlesim_control.egg-info/dependency_links.txt
[1.629s] writing top-level names to turtlesim_control.egg-info/top_level.txt
[1.629s] writing manifest file 'turtlesim_control.egg-info/SOURCES.txt'
[1.631s] reading manifest file 'turtlesim_control.egg-info/SOURCES.txt'
[1.631s] writing manifest file 'turtlesim_control.egg-info/SOURCES.txt'
[1.658s] Built target ament_cmake_python_build_turtlesim_control_egg
[1.678s] Invoked command in '/home/kaymarrr/fra501_ws/build/turtlesim_control' returned '0': CMAKE_PREFIX_PATH=${CMAKE_PREFIX_PATH}:/opt/ros/humble /usr/bin/cmake --build /home/kaymarrr/fra501_ws/build/turtlesim_control -- -j16 -l16
[1.702s] Invoking command in '/home/kaymarrr/fra501_ws/build/turtlesim_control': CMAKE_PREFIX_PATH=${CMAKE_PREFIX_PATH}:/opt/ros/humble /usr/bin/cmake --install /home/kaymarrr/fra501_ws/build/turtlesim_control
[1.708s] -- Install configuration: ""
[1.708s] -- Installing: /home/kaymarrr/fra501_ws/install/turtlesim_control/share/turtlesim_control/environment/pythonpath.sh
[1.709s] -- Installing: /home/kaymarrr/fra501_ws/install/turtlesim_control/share/turtlesim_control/environment/pythonpath.dsv
[1.709s] -- Installing: /home/kaymarrr/fra501_ws/install/turtlesim_control/local/lib/python3.10/dist-packages/turtlesim_control-0.0.0-py3.10.egg-info
[1.709s] -- Installing: /home/kaymarrr/fra501_ws/install/turtlesim_control/local/lib/python3.10/dist-packages/turtlesim_control-0.0.0-py3.10.egg-info/top_level.txt
[1.709s] -- Installing: /home/kaymarrr/fra501_ws/install/turtlesim_control/local/lib/python3.10/dist-packages/turtlesim_control-0.0.0-py3.10.egg-info/PKG-INFO
[1.709s] -- Installing: /home/kaymarrr/fra501_ws/install/turtlesim_control/local/lib/python3.10/dist-packages/turtlesim_control-0.0.0-py3.10.egg-info/dependency_links.txt
[1.709s] -- Installing: /home/kaymarrr/fra501_ws/install/turtlesim_control/local/lib/python3.10/dist-packages/turtlesim_control-0.0.0-py3.10.egg-info/SOURCES.txt
[1.709s] -- Installing: /home/kaymarrr/fra501_ws/install/turtlesim_control/local/lib/python3.10/dist-packages/turtlesim_control
[1.709s] -- Installing: /home/kaymarrr/fra501_ws/install/turtlesim_control/local/lib/python3.10/dist-packages/turtlesim_control/__init__.py
[1.710s] -- Installing: /home/kaymarrr/fra501_ws/install/turtlesim_control/local/lib/python3.10/dist-packages/turtlesim_control/ros2_interface.py
[1.710s] -- Installing: /home/kaymarrr/fra501_ws/install/turtlesim_control/local/lib/python3.10/dist-packages/turtlesim_control/algorithm.py
[1.756s] Listing '/home/kaymarrr/fra501_ws/install/turtlesim_control/local/lib/python3.10/dist-packages/turtlesim_control'...
[1.756s] Compiling '/home/kaymarrr/fra501_ws/install/turtlesim_control/local/lib/python3.10/dist-packages/turtlesim_control/__init__.py'...
[1.757s] Compiling '/home/kaymarrr/fra501_ws/install/turtlesim_control/local/lib/python3.10/dist-packages/turtlesim_control/algorithm.py'...
[1.757s] Compiling '/home/kaymarrr/fra501_ws/install/turtlesim_control/local/lib/python3.10/dist-packages/turtlesim_control/ros2_interface.py'...
[1.762s] -- Installing: /home/kaymarrr/fra501_ws/install/turtlesim_control/lib/turtlesim_control/controller.py
[1.763s] -- Installing: /home/kaymarrr/fra501_ws/install/turtlesim_control/lib/turtlesim_control/scheduler.py
[1.763s] -- Installing: /home/kaymarrr/fra501_ws/install/turtlesim_control/share/turtlesim_control/via_point
[1.763s] -- Installing: /home/kaymarrr/fra501_ws/install/turtlesim_control/share/turtlesim_control/via_point/via_point_01.yaml
[1.763s] -- Installing: /home/kaymarrr/fra501_ws/install/turtlesim_control/share/turtlesim_control/via_point/via_point_02.yaml
[1.763s] -- Installing: /home/kaymarrr/fra501_ws/install/turtlesim_control/share/turtlesim_control/config
[1.764s] -- Installing: /home/kaymarrr/fra501_ws/install/turtlesim_control/share/turtlesim_control/config/controller_01.yaml
[1.764s] -- Installing: /home/kaymarrr/fra501_ws/install/turtlesim_control/share/turtlesim_control/launch
[1.764s] -- Installing: /home/kaymarrr/fra501_ws/install/turtlesim_control/share/turtlesim_control/launch/turtle.launch.py
[1.764s] -- Installing: /home/kaymarrr/fra501_ws/install/turtlesim_control/share/ament_index/resource_index/package_run_dependencies/turtlesim_control
[1.764s] -- Installing: /home/kaymarrr/fra501_ws/install/turtlesim_control/share/ament_index/resource_index/parent_prefix_path/turtlesim_control
[1.765s] -- Installing: /home/kaymarrr/fra501_ws/install/turtlesim_control/share/turtlesim_control/environment/ament_prefix_path.sh
[1.765s] -- Installing: /home/kaymarrr/fra501_ws/install/turtlesim_control/share/turtlesim_control/environment/ament_prefix_path.dsv
[1.765s] -- Installing: /home/kaymarrr/fra501_ws/install/turtlesim_control/share/turtlesim_control/environment/path.sh
[1.765s] -- Installing: /home/kaymarrr/fra501_ws/install/turtlesim_control/share/turtlesim_control/environment/path.dsv
[1.765s] -- Installing: /home/kaymarrr/fra501_ws/install/turtlesim_control/share/turtlesim_control/local_setup.bash
[1.765s] -- Installing: /home/kaymarrr/fra501_ws/install/turtlesim_control/share/turtlesim_control/local_setup.sh
[1.765s] -- Installing: /home/kaymarrr/fra501_ws/install/turtlesim_control/share/turtlesim_control/local_setup.zsh
[1.765s] -- Installing: /home/kaymarrr/fra501_ws/install/turtlesim_control/share/turtlesim_control/local_setup.dsv
[1.765s] -- Installing: /home/kaymarrr/fra501_ws/install/turtlesim_control/share/turtlesim_control/package.dsv
[1.765s] -- Installing: /home/kaymarrr/fra501_ws/install/turtlesim_control/share/ament_index/resource_index/packages/turtlesim_control
[1.765s] -- Installing: /home/kaymarrr/fra501_ws/install/turtlesim_control/share/turtlesim_control/cmake/turtlesim_controlConfig.cmake
[1.765s] -- Installing: /home/kaymarrr/fra501_ws/install/turtlesim_control/share/turtlesim_control/cmake/turtlesim_controlConfig-version.cmake
[1.765s] -- Installing: /home/kaymarrr/fra501_ws/install/turtlesim_control/share/turtlesim_control/package.xml
[1.769s] Invoked command in '/home/kaymarrr/fra501_ws/build/turtlesim_control' returned '0': CMAKE_PREFIX_PATH=${CMAKE_PREFIX_PATH}:/opt/ros/humble /usr/bin/cmake --install /home/kaymarrr/fra501_ws/build/turtlesim_control
