[0.040s] Invoking command in '/home/kaymarrr/fra501_ws/build/turtlesim_interfaces': CMAKE_PREFIX_PATH=${CMAKE_PREFIX_PATH}:/opt/ros/humble /usr/bin/cmake --build /home/kaymarrr/fra501_ws/build/turtlesim_interfaces -- -j16 -l16
[0.085s] [  3%] Built target turtlesim_interfaces__cpp
[0.086s] [ 12%] Built target turtlesim_interfaces__rosidl_generator_c
[0.096s] [ 12%] Built target ament_cmake_python_copy_turtlesim_interfaces
[0.119s] [ 22%] Built target turtlesim_interfaces__rosidl_typesupport_cpp
[0.120s] [ 38%] Built target turtlesim_interfaces__rosidl_typesupport_fastrtps_cpp
[0.120s] [ 41%] Built target turtlesim_interfaces__rosidl_typesupport_introspection_cpp
[0.129s] [ 51%] Built target turtlesim_interfaces__rosidl_typesupport_introspection_c
[0.130s] [ 61%] Built target turtlesim_interfaces__rosidl_typesupport_fastrtps_c
[0.132s] [ 70%] Built target turtlesim_interfaces__rosidl_typesupport_c
[0.153s] [ 70%] Built target turtlesim_interfaces
[0.172s] [ 74%] Built target turtlesim_interfaces__py
[0.191s] [ 80%] Built target turtlesim_interfaces__rosidl_generator_py
[0.218s] [ 87%] Built target turtlesim_interfaces__rosidl_typesupport_c__pyext
[0.221s] [ 93%] Built target turtlesim_interfaces__rosidl_typesupport_fastrtps_c__pyext
[0.221s] [100%] Built target turtlesim_interfaces__rosidl_typesupport_introspection_c__pyext
[0.351s] running egg_info
[0.352s] writing turtlesim_interfaces.egg-info/PKG-INFO
[0.352s] writing dependency_links to turtlesim_interfaces.egg-info/dependency_links.txt
[0.352s] writing top-level names to turtlesim_interfaces.egg-info/top_level.txt
[0.354s] reading manifest file 'turtlesim_interfaces.egg-info/SOURCES.txt'
[0.355s] writing manifest file 'turtlesim_interfaces.egg-info/SOURCES.txt'
[0.378s] [100%] Built target ament_cmake_python_build_turtlesim_interfaces_egg
[0.387s] Invoked command in '/home/kaymarrr/fra501_ws/build/turtlesim_interfaces' returned '0': CMAKE_PREFIX_PATH=${CMAKE_PREFIX_PATH}:/opt/ros/humble /usr/bin/cmake --build /home/kaymarrr/fra501_ws/build/turtlesim_interfaces -- -j16 -l16
[0.439s] Invoking command in '/home/kaymarrr/fra501_ws/build/turtlesim_interfaces': CMAKE_PREFIX_PATH=${CMAKE_PREFIX_PATH}:/opt/ros/humble /usr/bin/cmake --install /home/kaymarrr/fra501_ws/build/turtlesim_interfaces
[0.450s] -- Install configuration: ""
[0.451s] -- Up-to-date: /home/kaymarrr/fra501_ws/install/turtlesim_interfaces/share/ament_index/resource_index/rosidl_interfaces/turtlesim_interfaces
[0.451s] -- Up-to-date: /home/kaymarrr/fra501_ws/install/turtlesim_interfaces/include/turtlesim_interfaces/turtlesim_interfaces
[0.451s] -- Up-to-date: /home/kaymarrr/fra501_ws/install/turtlesim_interfaces/include/turtlesim_interfaces/turtlesim_interfaces/msg
[0.451s] -- Up-to-date: /home/kaymarrr/fra501_ws/install/turtlesim_interfaces/include/turtlesim_interfaces/turtlesim_interfaces/msg/rosidl_generator_c__visibility_control.h
[0.451s] -- Up-to-date: /home/kaymarrr/fra501_ws/install/turtlesim_interfaces/include/turtlesim_interfaces/turtlesim_interfaces/srv
[0.451s] -- Up-to-date: /home/kaymarrr/fra501_ws/install/turtlesim_interfaces/include/turtlesim_interfaces/turtlesim_interfaces/srv/detail
[0.451s] -- Up-to-date: /home/kaymarrr/fra501_ws/install/turtlesim_interfaces/include/turtlesim_interfaces/turtlesim_interfaces/srv/detail/send_position__struct.h
[0.451s] -- Up-to-date: /home/kaymarrr/fra501_ws/install/turtlesim_interfaces/include/turtlesim_interfaces/turtlesim_interfaces/srv/detail/send_position__functions.h
[0.451s] -- Up-to-date: /home/kaymarrr/fra501_ws/install/turtlesim_interfaces/include/turtlesim_interfaces/turtlesim_interfaces/srv/detail/send_position__type_support.h
[0.451s] -- Up-to-date: /home/kaymarrr/fra501_ws/install/turtlesim_interfaces/include/turtlesim_interfaces/turtlesim_interfaces/srv/detail/send_position__functions.c
[0.451s] -- Up-to-date: /home/kaymarrr/fra501_ws/install/turtlesim_interfaces/include/turtlesim_interfaces/turtlesim_interfaces/srv/send_position.h
[0.451s] -- Up-to-date: /home/kaymarrr/fra501_ws/install/turtlesim_interfaces/share/turtlesim_interfaces/environment/library_path.sh
[0.451s] -- Up-to-date: /home/kaymarrr/fra501_ws/install/turtlesim_interfaces/share/turtlesim_interfaces/environment/library_path.dsv
[0.451s] -- Up-to-date: /home/kaymarrr/fra501_ws/install/turtlesim_interfaces/lib/libturtlesim_interfaces__rosidl_generator_c.so
[0.451s] -- Up-to-date: /home/kaymarrr/fra501_ws/install/turtlesim_interfaces/include/turtlesim_interfaces/turtlesim_interfaces
[0.451s] -- Up-to-date: /home/kaymarrr/fra501_ws/install/turtlesim_interfaces/include/turtlesim_interfaces/turtlesim_interfaces/msg
[0.451s] -- Up-to-date: /home/kaymarrr/fra501_ws/install/turtlesim_interfaces/include/turtlesim_interfaces/turtlesim_interfaces/msg/rosidl_typesupport_fastrtps_c__visibility_control.h
[0.451s] -- Up-to-date: /home/kaymarrr/fra501_ws/install/turtlesim_interfaces/include/turtlesim_interfaces/turtlesim_interfaces/srv
[0.451s] -- Up-to-date: /home/kaymarrr/fra501_ws/install/turtlesim_interfaces/include/turtlesim_interfaces/turtlesim_interfaces/srv/detail
[0.451s] -- Up-to-date: /home/kaymarrr/fra501_ws/install/turtlesim_interfaces/include/turtlesim_interfaces/turtlesim_interfaces/srv/detail/send_position__rosidl_typesupport_fastrtps_c.h
[0.452s] -- Up-to-date: /home/kaymarrr/fra501_ws/install/turtlesim_interfaces/lib/libturtlesim_interfaces__rosidl_typesupport_fastrtps_c.so
[0.452s] -- Up-to-date: /home/kaymarrr/fra501_ws/install/turtlesim_interfaces/include/turtlesim_interfaces/turtlesim_interfaces
[0.452s] -- Up-to-date: /home/kaymarrr/fra501_ws/install/turtlesim_interfaces/include/turtlesim_interfaces/turtlesim_interfaces/srv
[0.452s] -- Up-to-date: /home/kaymarrr/fra501_ws/install/turtlesim_interfaces/include/turtlesim_interfaces/turtlesim_interfaces/srv/send_position.hpp
[0.452s] -- Up-to-date: /home/kaymarrr/fra501_ws/install/turtlesim_interfaces/include/turtlesim_interfaces/turtlesim_interfaces/srv/detail
[0.452s] -- Up-to-date: /home/kaymarrr/fra501_ws/install/turtlesim_interfaces/include/turtlesim_interfaces/turtlesim_interfaces/srv/detail/send_position__traits.hpp
[0.452s] -- Up-to-date: /home/kaymarrr/fra501_ws/install/turtlesim_interfaces/include/turtlesim_interfaces/turtlesim_interfaces/srv/detail/send_position__struct.hpp
[0.452s] -- Up-to-date: /home/kaymarrr/fra501_ws/install/turtlesim_interfaces/include/turtlesim_interfaces/turtlesim_interfaces/srv/detail/send_position__builder.hpp
[0.452s] -- Up-to-date: /home/kaymarrr/fra501_ws/install/turtlesim_interfaces/include/turtlesim_interfaces/turtlesim_interfaces
[0.452s] -- Up-to-date: /home/kaymarrr/fra501_ws/install/turtlesim_interfaces/include/turtlesim_interfaces/turtlesim_interfaces/msg
[0.452s] -- Up-to-date: /home/kaymarrr/fra501_ws/install/turtlesim_interfaces/include/turtlesim_interfaces/turtlesim_interfaces/msg/rosidl_typesupport_fastrtps_cpp__visibility_control.h
[0.452s] -- Up-to-date: /home/kaymarrr/fra501_ws/install/turtlesim_interfaces/include/turtlesim_interfaces/turtlesim_interfaces/srv
[0.452s] -- Up-to-date: /home/kaymarrr/fra501_ws/install/turtlesim_interfaces/include/turtlesim_interfaces/turtlesim_interfaces/srv/detail
[0.452s] -- Up-to-date: /home/kaymarrr/fra501_ws/install/turtlesim_interfaces/include/turtlesim_interfaces/turtlesim_interfaces/srv/detail/send_position__rosidl_typesupport_fastrtps_cpp.hpp
[0.452s] -- Up-to-date: /home/kaymarrr/fra501_ws/install/turtlesim_interfaces/include/turtlesim_interfaces/turtlesim_interfaces/srv/detail/dds_fastrtps
[0.452s] -- Up-to-date: /home/kaymarrr/fra501_ws/install/turtlesim_interfaces/lib/libturtlesim_interfaces__rosidl_typesupport_fastrtps_cpp.so
[0.452s] -- Up-to-date: /home/kaymarrr/fra501_ws/install/turtlesim_interfaces/include/turtlesim_interfaces/turtlesim_interfaces
[0.452s] -- Up-to-date: /home/kaymarrr/fra501_ws/install/turtlesim_interfaces/include/turtlesim_interfaces/turtlesim_interfaces/msg
[0.452s] -- Up-to-date: /home/kaymarrr/fra501_ws/install/turtlesim_interfaces/include/turtlesim_interfaces/turtlesim_interfaces/msg/rosidl_typesupport_introspection_c__visibility_control.h
[0.452s] -- Up-to-date: /home/kaymarrr/fra501_ws/install/turtlesim_interfaces/include/turtlesim_interfaces/turtlesim_interfaces/srv
[0.452s] -- Up-to-date: /home/kaymarrr/fra501_ws/install/turtlesim_interfaces/include/turtlesim_interfaces/turtlesim_interfaces/srv/detail
[0.452s] -- Up-to-date: /home/kaymarrr/fra501_ws/install/turtlesim_interfaces/include/turtlesim_interfaces/turtlesim_interfaces/srv/detail/send_position__rosidl_typesupport_introspection_c.h
[0.452s] -- Up-to-date: /home/kaymarrr/fra501_ws/install/turtlesim_interfaces/include/turtlesim_interfaces/turtlesim_interfaces/srv/detail/send_position__type_support.c
[0.452s] -- Up-to-date: /home/kaymarrr/fra501_ws/install/turtlesim_interfaces/lib/libturtlesim_interfaces__rosidl_typesupport_introspection_c.so
[0.452s] -- Up-to-date: /home/kaymarrr/fra501_ws/install/turtlesim_interfaces/lib/libturtlesim_interfaces__rosidl_typesupport_c.so
[0.452s] -- Up-to-date: /home/kaymarrr/fra501_ws/install/turtlesim_interfaces/include/turtlesim_interfaces/turtlesim_interfaces
[0.452s] -- Up-to-date: /home/kaymarrr/fra501_ws/install/turtlesim_interfaces/include/turtlesim_interfaces/turtlesim_interfaces/srv
[0.453s] -- Up-to-date: /home/kaymarrr/fra501_ws/install/turtlesim_interfaces/include/turtlesim_interfaces/turtlesim_interfaces/srv/detail
[0.453s] -- Up-to-date: /home/kaymarrr/fra501_ws/install/turtlesim_interfaces/include/turtlesim_interfaces/turtlesim_interfaces/srv/detail/send_position__type_support.cpp
[0.453s] -- Up-to-date: /home/kaymarrr/fra501_ws/install/turtlesim_interfaces/include/turtlesim_interfaces/turtlesim_interfaces/srv/detail/send_position__rosidl_typesupport_introspection_cpp.hpp
[0.453s] -- Up-to-date: /home/kaymarrr/fra501_ws/install/turtlesim_interfaces/lib/libturtlesim_interfaces__rosidl_typesupport_introspection_cpp.so
[0.453s] -- Up-to-date: /home/kaymarrr/fra501_ws/install/turtlesim_interfaces/lib/libturtlesim_interfaces__rosidl_typesupport_cpp.so
[0.453s] -- Up-to-date: /home/kaymarrr/fra501_ws/install/turtlesim_interfaces/share/turtlesim_interfaces/environment/pythonpath.sh
[0.453s] -- Up-to-date: /home/kaymarrr/fra501_ws/install/turtlesim_interfaces/share/turtlesim_interfaces/environment/pythonpath.dsv
[0.453s] -- Up-to-date: /home/kaymarrr/fra501_ws/install/turtlesim_interfaces/local/lib/python3.10/dist-packages/turtlesim_interfaces-0.0.0-py3.10.egg-info
[0.453s] -- Installing: /home/kaymarrr/fra501_ws/install/turtlesim_interfaces/local/lib/python3.10/dist-packages/turtlesim_interfaces-0.0.0-py3.10.egg-info/top_level.txt
[0.453s] -- Installing: /home/kaymarrr/fra501_ws/install/turtlesim_interfaces/local/lib/python3.10/dist-packages/turtlesim_interfaces-0.0.0-py3.10.egg-info/PKG-INFO
[0.453s] -- Installing: /home/kaymarrr/fra501_ws/install/turtlesim_interfaces/local/lib/python3.10/dist-packages/turtlesim_interfaces-0.0.0-py3.10.egg-info/dependency_links.txt
[0.453s] -- Installing: /home/kaymarrr/fra501_ws/install/turtlesim_interfaces/local/lib/python3.10/dist-packages/turtlesim_interfaces-0.0.0-py3.10.egg-info/SOURCES.txt
[0.453s] -- Up-to-date: /home/kaymarrr/fra501_ws/install/turtlesim_interfaces/local/lib/python3.10/dist-packages/turtlesim_interfaces
[0.453s] -- Up-to-date: /home/kaymarrr/fra501_ws/install/turtlesim_interfaces/local/lib/python3.10/dist-packages/turtlesim_interfaces/turtlesim_interfaces_s__rosidl_typesupport_c.cpython-310-x86_64-linux-gnu.so
[0.453s] -- Up-to-date: /home/kaymarrr/fra501_ws/install/turtlesim_interfaces/local/lib/python3.10/dist-packages/turtlesim_interfaces/turtlesim_interfaces_s__rosidl_typesupport_fastrtps_c.cpython-310-x86_64-linux-gnu.so
[0.453s] -- Up-to-date: /home/kaymarrr/fra501_ws/install/turtlesim_interfaces/local/lib/python3.10/dist-packages/turtlesim_interfaces/__init__.py
[0.454s] -- Up-to-date: /home/kaymarrr/fra501_ws/install/turtlesim_interfaces/local/lib/python3.10/dist-packages/turtlesim_interfaces/_turtlesim_interfaces_s.ep.rosidl_typesupport_c.c
[0.454s] -- Up-to-date: /home/kaymarrr/fra501_ws/install/turtlesim_interfaces/local/lib/python3.10/dist-packages/turtlesim_interfaces/turtlesim_interfaces_s__rosidl_typesupport_introspection_c.cpython-310-x86_64-linux-gnu.so
[0.454s] -- Up-to-date: /home/kaymarrr/fra501_ws/install/turtlesim_interfaces/local/lib/python3.10/dist-packages/turtlesim_interfaces/srv
[0.454s] -- Up-to-date: /home/kaymarrr/fra501_ws/install/turtlesim_interfaces/local/lib/python3.10/dist-packages/turtlesim_interfaces/srv/__init__.py
[0.454s] -- Up-to-date: /home/kaymarrr/fra501_ws/install/turtlesim_interfaces/local/lib/python3.10/dist-packages/turtlesim_interfaces/srv/_send_position.py
[0.454s] -- Up-to-date: /home/kaymarrr/fra501_ws/install/turtlesim_interfaces/local/lib/python3.10/dist-packages/turtlesim_interfaces/srv/_send_position_s.c
[0.454s] -- Up-to-date: /home/kaymarrr/fra501_ws/install/turtlesim_interfaces/local/lib/python3.10/dist-packages/turtlesim_interfaces/_turtlesim_interfaces_s.ep.rosidl_typesupport_introspection_c.c
[0.454s] -- Up-to-date: /home/kaymarrr/fra501_ws/install/turtlesim_interfaces/local/lib/python3.10/dist-packages/turtlesim_interfaces/libturtlesim_interfaces__rosidl_generator_py.so
[0.454s] -- Up-to-date: /home/kaymarrr/fra501_ws/install/turtlesim_interfaces/local/lib/python3.10/dist-packages/turtlesim_interfaces/_turtlesim_interfaces_s.ep.rosidl_typesupport_fastrtps_c.c
[0.479s] Listing '/home/kaymarrr/fra501_ws/install/turtlesim_interfaces/local/lib/python3.10/dist-packages/turtlesim_interfaces'...
[0.479s] Listing '/home/kaymarrr/fra501_ws/install/turtlesim_interfaces/local/lib/python3.10/dist-packages/turtlesim_interfaces/srv'...
[0.482s] -- Up-to-date: /home/kaymarrr/fra501_ws/install/turtlesim_interfaces/local/lib/python3.10/dist-packages/turtlesim_interfaces/turtlesim_interfaces_s__rosidl_typesupport_fastrtps_c.cpython-310-x86_64-linux-gnu.so
[0.482s] -- Up-to-date: /home/kaymarrr/fra501_ws/install/turtlesim_interfaces/local/lib/python3.10/dist-packages/turtlesim_interfaces/turtlesim_interfaces_s__rosidl_typesupport_introspection_c.cpython-310-x86_64-linux-gnu.so
[0.482s] -- Up-to-date: /home/kaymarrr/fra501_ws/install/turtlesim_interfaces/local/lib/python3.10/dist-packages/turtlesim_interfaces/turtlesim_interfaces_s__rosidl_typesupport_c.cpython-310-x86_64-linux-gnu.so
[0.482s] -- Up-to-date: /home/kaymarrr/fra501_ws/install/turtlesim_interfaces/lib/libturtlesim_interfaces__rosidl_generator_py.so
[0.482s] -- Up-to-date: /home/kaymarrr/fra501_ws/install/turtlesim_interfaces/share/turtlesim_interfaces/srv/SendPosition.idl
[0.482s] -- Up-to-date: /home/kaymarrr/fra501_ws/install/turtlesim_interfaces/share/turtlesim_interfaces/srv/SendPosition.srv
[0.482s] -- Up-to-date: /home/kaymarrr/fra501_ws/install/turtlesim_interfaces/share/turtlesim_interfaces/srv/SendPosition_Request.msg
[0.482s] -- Up-to-date: /home/kaymarrr/fra501_ws/install/turtlesim_interfaces/share/turtlesim_interfaces/srv/SendPosition_Response.msg
[0.482s] -- Up-to-date: /home/kaymarrr/fra501_ws/install/turtlesim_interfaces/share/ament_index/resource_index/package_run_dependencies/turtlesim_interfaces
[0.482s] -- Up-to-date: /home/kaymarrr/fra501_ws/install/turtlesim_interfaces/share/ament_index/resource_index/parent_prefix_path/turtlesim_interfaces
[0.483s] -- Up-to-date: /home/kaymarrr/fra501_ws/install/turtlesim_interfaces/share/turtlesim_interfaces/environment/ament_prefix_path.sh
[0.483s] -- Up-to-date: /home/kaymarrr/fra501_ws/install/turtlesim_interfaces/share/turtlesim_interfaces/environment/ament_prefix_path.dsv
[0.483s] -- Up-to-date: /home/kaymarrr/fra501_ws/install/turtlesim_interfaces/share/turtlesim_interfaces/environment/path.sh
[0.483s] -- Up-to-date: /home/kaymarrr/fra501_ws/install/turtlesim_interfaces/share/turtlesim_interfaces/environment/path.dsv
[0.483s] -- Up-to-date: /home/kaymarrr/fra501_ws/install/turtlesim_interfaces/share/turtlesim_interfaces/local_setup.bash
[0.483s] -- Up-to-date: /home/kaymarrr/fra501_ws/install/turtlesim_interfaces/share/turtlesim_interfaces/local_setup.sh
[0.483s] -- Up-to-date: /home/kaymarrr/fra501_ws/install/turtlesim_interfaces/share/turtlesim_interfaces/local_setup.zsh
[0.483s] -- Up-to-date: /home/kaymarrr/fra501_ws/install/turtlesim_interfaces/share/turtlesim_interfaces/local_setup.dsv
[0.483s] -- Installing: /home/kaymarrr/fra501_ws/install/turtlesim_interfaces/share/turtlesim_interfaces/package.dsv
[0.483s] -- Up-to-date: /home/kaymarrr/fra501_ws/install/turtlesim_interfaces/share/ament_index/resource_index/packages/turtlesim_interfaces
[0.483s] -- Up-to-date: /home/kaymarrr/fra501_ws/install/turtlesim_interfaces/share/turtlesim_interfaces/cmake/export_turtlesim_interfaces__rosidl_generator_cExport.cmake
[0.483s] -- Up-to-date: /home/kaymarrr/fra501_ws/install/turtlesim_interfaces/share/turtlesim_interfaces/cmake/export_turtlesim_interfaces__rosidl_generator_cExport-noconfig.cmake
[0.483s] -- Up-to-date: /home/kaymarrr/fra501_ws/install/turtlesim_interfaces/share/turtlesim_interfaces/cmake/export_turtlesim_interfaces__rosidl_typesupport_fastrtps_cExport.cmake
[0.484s] -- Up-to-date: /home/kaymarrr/fra501_ws/install/turtlesim_interfaces/share/turtlesim_interfaces/cmake/export_turtlesim_interfaces__rosidl_typesupport_fastrtps_cExport-noconfig.cmake
[0.484s] -- Up-to-date: /home/kaymarrr/fra501_ws/install/turtlesim_interfaces/share/turtlesim_interfaces/cmake/export_turtlesim_interfaces__rosidl_generator_cppExport.cmake
[0.484s] -- Up-to-date: /home/kaymarrr/fra501_ws/install/turtlesim_interfaces/share/turtlesim_interfaces/cmake/export_turtlesim_interfaces__rosidl_typesupport_fastrtps_cppExport.cmake
[0.484s] -- Up-to-date: /home/kaymarrr/fra501_ws/install/turtlesim_interfaces/share/turtlesim_interfaces/cmake/export_turtlesim_interfaces__rosidl_typesupport_fastrtps_cppExport-noconfig.cmake
[0.484s] -- Up-to-date: /home/kaymarrr/fra501_ws/install/turtlesim_interfaces/share/turtlesim_interfaces/cmake/turtlesim_interfaces__rosidl_typesupport_introspection_cExport.cmake
[0.484s] -- Up-to-date: /home/kaymarrr/fra501_ws/install/turtlesim_interfaces/share/turtlesim_interfaces/cmake/turtlesim_interfaces__rosidl_typesupport_introspection_cExport-noconfig.cmake
[0.484s] -- Up-to-date: /home/kaymarrr/fra501_ws/install/turtlesim_interfaces/share/turtlesim_interfaces/cmake/turtlesim_interfaces__rosidl_typesupport_cExport.cmake
[0.484s] -- Up-to-date: /home/kaymarrr/fra501_ws/install/turtlesim_interfaces/share/turtlesim_interfaces/cmake/turtlesim_interfaces__rosidl_typesupport_cExport-noconfig.cmake
[0.484s] -- Up-to-date: /home/kaymarrr/fra501_ws/install/turtlesim_interfaces/share/turtlesim_interfaces/cmake/turtlesim_interfaces__rosidl_typesupport_introspection_cppExport.cmake
[0.484s] -- Up-to-date: /home/kaymarrr/fra501_ws/install/turtlesim_interfaces/share/turtlesim_interfaces/cmake/turtlesim_interfaces__rosidl_typesupport_introspection_cppExport-noconfig.cmake
[0.484s] -- Up-to-date: /home/kaymarrr/fra501_ws/install/turtlesim_interfaces/share/turtlesim_interfaces/cmake/turtlesim_interfaces__rosidl_typesupport_cppExport.cmake
[0.484s] -- Up-to-date: /home/kaymarrr/fra501_ws/install/turtlesim_interfaces/share/turtlesim_interfaces/cmake/turtlesim_interfaces__rosidl_typesupport_cppExport-noconfig.cmake
[0.484s] -- Up-to-date: /home/kaymarrr/fra501_ws/install/turtlesim_interfaces/share/turtlesim_interfaces/cmake/export_turtlesim_interfaces__rosidl_generator_pyExport.cmake
[0.484s] -- Up-to-date: /home/kaymarrr/fra501_ws/install/turtlesim_interfaces/share/turtlesim_interfaces/cmake/export_turtlesim_interfaces__rosidl_generator_pyExport-noconfig.cmake
[0.484s] -- Up-to-date: /home/kaymarrr/fra501_ws/install/turtlesim_interfaces/share/turtlesim_interfaces/cmake/rosidl_cmake-extras.cmake
[0.484s] -- Up-to-date: /home/kaymarrr/fra501_ws/install/turtlesim_interfaces/share/turtlesim_interfaces/cmake/ament_cmake_export_dependencies-extras.cmake
[0.484s] -- Up-to-date: /home/kaymarrr/fra501_ws/install/turtlesim_interfaces/share/turtlesim_interfaces/cmake/ament_cmake_export_include_directories-extras.cmake
[0.484s] -- Up-to-date: /home/kaymarrr/fra501_ws/install/turtlesim_interfaces/share/turtlesim_interfaces/cmake/ament_cmake_export_libraries-extras.cmake
[0.484s] -- Up-to-date: /home/kaymarrr/fra501_ws/install/turtlesim_interfaces/share/turtlesim_interfaces/cmake/ament_cmake_export_targets-extras.cmake
[0.484s] -- Up-to-date: /home/kaymarrr/fra501_ws/install/turtlesim_interfaces/share/turtlesim_interfaces/cmake/rosidl_cmake_export_typesupport_targets-extras.cmake
[0.484s] -- Up-to-date: /home/kaymarrr/fra501_ws/install/turtlesim_interfaces/share/turtlesim_interfaces/cmake/rosidl_cmake_export_typesupport_libraries-extras.cmake
[0.484s] -- Up-to-date: /home/kaymarrr/fra501_ws/install/turtlesim_interfaces/share/turtlesim_interfaces/cmake/turtlesim_interfacesConfig.cmake
[0.484s] -- Up-to-date: /home/kaymarrr/fra501_ws/install/turtlesim_interfaces/share/turtlesim_interfaces/cmake/turtlesim_interfacesConfig-version.cmake
[0.484s] -- Up-to-date: /home/kaymarrr/fra501_ws/install/turtlesim_interfaces/share/turtlesim_interfaces/package.xml
[0.492s] Invoked command in '/home/kaymarrr/fra501_ws/build/turtlesim_interfaces' returned '0': CMAKE_PREFIX_PATH=${CMAKE_PREFIX_PATH}:/opt/ros/humble /usr/bin/cmake --install /home/kaymarrr/fra501_ws/build/turtlesim_interfaces
