[0.044s] Invoking command in '/home/kaymarrr/fra501_ws/build/my_controller_interfaces': CMAKE_PREFIX_PATH=${CMAKE_PREFIX_PATH}:/opt/ros/humble /usr/bin/cmake --build /home/kaymarrr/fra501_ws/build/my_controller_interfaces -- -j16 -l16
[0.083s] [  9%] Built target my_controller_interfaces__rosidl_generator_c
[0.085s] [ 12%] Built target my_controller_interfaces__cpp
[0.097s] [ 12%] Built target ament_cmake_python_copy_my_controller_interfaces
[0.116s] [ 22%] Built target my_controller_interfaces__rosidl_typesupport_fastrtps_c
[0.118s] [ 32%] Built target my_controller_interfaces__rosidl_typesupport_introspection_cpp
[0.119s] [ 41%] Built target my_controller_interfaces__rosidl_typesupport_c
[0.121s] [ 51%] Built target my_controller_interfaces__rosidl_typesupport_cpp
[0.130s] [ 64%] Built target my_controller_interfaces__rosidl_typesupport_introspection_c
[0.131s] [ 70%] Built target my_controller_interfaces__rosidl_typesupport_fastrtps_cpp
[0.158s] [ 70%] Built target my_controller_interfaces
[0.177s] [ 74%] Built target my_controller_interfaces__py
[0.196s] [ 80%] Built target my_controller_interfaces__rosidl_generator_py
[0.225s] [ 87%] Built target my_controller_interfaces__rosidl_typesupport_c__pyext
[0.225s] [ 93%] Built target my_controller_interfaces__rosidl_typesupport_fastrtps_c__pyext
[0.226s] [100%] Built target my_controller_interfaces__rosidl_typesupport_introspection_c__pyext
[0.404s] running egg_info
[0.405s] writing my_controller_interfaces.egg-info/PKG-INFO
[0.405s] writing dependency_links to my_controller_interfaces.egg-info/dependency_links.txt
[0.406s] writing top-level names to my_controller_interfaces.egg-info/top_level.txt
[0.407s] reading manifest file 'my_controller_interfaces.egg-info/SOURCES.txt'
[0.408s] writing manifest file 'my_controller_interfaces.egg-info/SOURCES.txt'
[0.435s] [100%] Built target ament_cmake_python_build_my_controller_interfaces_egg
[0.443s] Invoked command in '/home/kaymarrr/fra501_ws/build/my_controller_interfaces' returned '0': CMAKE_PREFIX_PATH=${CMAKE_PREFIX_PATH}:/opt/ros/humble /usr/bin/cmake --build /home/kaymarrr/fra501_ws/build/my_controller_interfaces -- -j16 -l16
[0.505s] Invoking command in '/home/kaymarrr/fra501_ws/build/my_controller_interfaces': CMAKE_PREFIX_PATH=${CMAKE_PREFIX_PATH}:/opt/ros/humble /usr/bin/cmake --install /home/kaymarrr/fra501_ws/build/my_controller_interfaces
[0.509s] -- Install configuration: ""
[0.509s] -- Up-to-date: /home/kaymarrr/fra501_ws/install/my_controller_interfaces/share/ament_index/resource_index/rosidl_interfaces/my_controller_interfaces
[0.509s] -- Up-to-date: /home/kaymarrr/fra501_ws/install/my_controller_interfaces/include/my_controller_interfaces/my_controller_interfaces
[0.509s] -- Up-to-date: /home/kaymarrr/fra501_ws/install/my_controller_interfaces/include/my_controller_interfaces/my_controller_interfaces/msg
[0.509s] -- Up-to-date: /home/kaymarrr/fra501_ws/install/my_controller_interfaces/include/my_controller_interfaces/my_controller_interfaces/msg/rosidl_generator_c__visibility_control.h
[0.509s] -- Up-to-date: /home/kaymarrr/fra501_ws/install/my_controller_interfaces/include/my_controller_interfaces/my_controller_interfaces/srv
[0.509s] -- Up-to-date: /home/kaymarrr/fra501_ws/install/my_controller_interfaces/include/my_controller_interfaces/my_controller_interfaces/srv/detail
[0.509s] -- Up-to-date: /home/kaymarrr/fra501_ws/install/my_controller_interfaces/include/my_controller_interfaces/my_controller_interfaces/srv/detail/set_target__functions.h
[0.510s] -- Up-to-date: /home/kaymarrr/fra501_ws/install/my_controller_interfaces/include/my_controller_interfaces/my_controller_interfaces/srv/detail/set_target__functions.c
[0.510s] -- Up-to-date: /home/kaymarrr/fra501_ws/install/my_controller_interfaces/include/my_controller_interfaces/my_controller_interfaces/srv/detail/set_target__struct.h
[0.510s] -- Up-to-date: /home/kaymarrr/fra501_ws/install/my_controller_interfaces/include/my_controller_interfaces/my_controller_interfaces/srv/detail/set_target__type_support.h
[0.510s] -- Up-to-date: /home/kaymarrr/fra501_ws/install/my_controller_interfaces/include/my_controller_interfaces/my_controller_interfaces/srv/set_target.h
[0.510s] -- Up-to-date: /home/kaymarrr/fra501_ws/install/my_controller_interfaces/share/my_controller_interfaces/environment/library_path.sh
[0.511s] -- Up-to-date: /home/kaymarrr/fra501_ws/install/my_controller_interfaces/share/my_controller_interfaces/environment/library_path.dsv
[0.511s] -- Up-to-date: /home/kaymarrr/fra501_ws/install/my_controller_interfaces/lib/libmy_controller_interfaces__rosidl_generator_c.so
[0.511s] -- Up-to-date: /home/kaymarrr/fra501_ws/install/my_controller_interfaces/include/my_controller_interfaces/my_controller_interfaces
[0.511s] -- Up-to-date: /home/kaymarrr/fra501_ws/install/my_controller_interfaces/include/my_controller_interfaces/my_controller_interfaces/msg
[0.511s] -- Up-to-date: /home/kaymarrr/fra501_ws/install/my_controller_interfaces/include/my_controller_interfaces/my_controller_interfaces/msg/rosidl_typesupport_fastrtps_c__visibility_control.h
[0.511s] -- Up-to-date: /home/kaymarrr/fra501_ws/install/my_controller_interfaces/include/my_controller_interfaces/my_controller_interfaces/srv
[0.512s] -- Up-to-date: /home/kaymarrr/fra501_ws/install/my_controller_interfaces/include/my_controller_interfaces/my_controller_interfaces/srv/detail
[0.512s] -- Up-to-date: /home/kaymarrr/fra501_ws/install/my_controller_interfaces/include/my_controller_interfaces/my_controller_interfaces/srv/detail/set_target__rosidl_typesupport_fastrtps_c.h
[0.513s] -- Up-to-date: /home/kaymarrr/fra501_ws/install/my_controller_interfaces/lib/libmy_controller_interfaces__rosidl_typesupport_fastrtps_c.so
[0.513s] -- Up-to-date: /home/kaymarrr/fra501_ws/install/my_controller_interfaces/include/my_controller_interfaces/my_controller_interfaces
[0.513s] -- Up-to-date: /home/kaymarrr/fra501_ws/install/my_controller_interfaces/include/my_controller_interfaces/my_controller_interfaces/srv
[0.513s] -- Up-to-date: /home/kaymarrr/fra501_ws/install/my_controller_interfaces/include/my_controller_interfaces/my_controller_interfaces/srv/set_target.hpp
[0.513s] -- Up-to-date: /home/kaymarrr/fra501_ws/install/my_controller_interfaces/include/my_controller_interfaces/my_controller_interfaces/srv/detail
[0.514s] -- Up-to-date: /home/kaymarrr/fra501_ws/install/my_controller_interfaces/include/my_controller_interfaces/my_controller_interfaces/srv/detail/set_target__builder.hpp
[0.514s] -- Up-to-date: /home/kaymarrr/fra501_ws/install/my_controller_interfaces/include/my_controller_interfaces/my_controller_interfaces/srv/detail/set_target__struct.hpp
[0.514s] -- Up-to-date: /home/kaymarrr/fra501_ws/install/my_controller_interfaces/include/my_controller_interfaces/my_controller_interfaces/srv/detail/set_target__traits.hpp
[0.514s] -- Up-to-date: /home/kaymarrr/fra501_ws/install/my_controller_interfaces/include/my_controller_interfaces/my_controller_interfaces
[0.514s] -- Up-to-date: /home/kaymarrr/fra501_ws/install/my_controller_interfaces/include/my_controller_interfaces/my_controller_interfaces/msg
[0.514s] -- Up-to-date: /home/kaymarrr/fra501_ws/install/my_controller_interfaces/include/my_controller_interfaces/my_controller_interfaces/msg/rosidl_typesupport_fastrtps_cpp__visibility_control.h
[0.514s] -- Up-to-date: /home/kaymarrr/fra501_ws/install/my_controller_interfaces/include/my_controller_interfaces/my_controller_interfaces/srv
[0.514s] -- Up-to-date: /home/kaymarrr/fra501_ws/install/my_controller_interfaces/include/my_controller_interfaces/my_controller_interfaces/srv/detail
[0.514s] -- Up-to-date: /home/kaymarrr/fra501_ws/install/my_controller_interfaces/include/my_controller_interfaces/my_controller_interfaces/srv/detail/set_target__rosidl_typesupport_fastrtps_cpp.hpp
[0.514s] -- Up-to-date: /home/kaymarrr/fra501_ws/install/my_controller_interfaces/include/my_controller_interfaces/my_controller_interfaces/srv/detail/dds_fastrtps
[0.514s] -- Up-to-date: /home/kaymarrr/fra501_ws/install/my_controller_interfaces/lib/libmy_controller_interfaces__rosidl_typesupport_fastrtps_cpp.so
[0.514s] -- Up-to-date: /home/kaymarrr/fra501_ws/install/my_controller_interfaces/include/my_controller_interfaces/my_controller_interfaces
[0.514s] -- Up-to-date: /home/kaymarrr/fra501_ws/install/my_controller_interfaces/include/my_controller_interfaces/my_controller_interfaces/msg
[0.515s] -- Up-to-date: /home/kaymarrr/fra501_ws/install/my_controller_interfaces/include/my_controller_interfaces/my_controller_interfaces/msg/rosidl_typesupport_introspection_c__visibility_control.h
[0.515s] -- Up-to-date: /home/kaymarrr/fra501_ws/install/my_controller_interfaces/include/my_controller_interfaces/my_controller_interfaces/srv
[0.515s] -- Up-to-date: /home/kaymarrr/fra501_ws/install/my_controller_interfaces/include/my_controller_interfaces/my_controller_interfaces/srv/detail
[0.515s] -- Up-to-date: /home/kaymarrr/fra501_ws/install/my_controller_interfaces/include/my_controller_interfaces/my_controller_interfaces/srv/detail/set_target__rosidl_typesupport_introspection_c.h
[0.515s] -- Up-to-date: /home/kaymarrr/fra501_ws/install/my_controller_interfaces/include/my_controller_interfaces/my_controller_interfaces/srv/detail/set_target__type_support.c
[0.515s] -- Up-to-date: /home/kaymarrr/fra501_ws/install/my_controller_interfaces/lib/libmy_controller_interfaces__rosidl_typesupport_introspection_c.so
[0.518s] -- Up-to-date: /home/kaymarrr/fra501_ws/install/my_controller_interfaces/lib/libmy_controller_interfaces__rosidl_typesupport_c.so
[0.518s] -- Up-to-date: /home/kaymarrr/fra501_ws/install/my_controller_interfaces/include/my_controller_interfaces/my_controller_interfaces
[0.523s] -- Up-to-date: /home/kaymarrr/fra501_ws/install/my_controller_interfaces/include/my_controller_interfaces/my_controller_interfaces/srv
[0.523s] -- Up-to-date: /home/kaymarrr/fra501_ws/install/my_controller_interfaces/include/my_controller_interfaces/my_controller_interfaces/srv/detail
[0.523s] -- Up-to-date: /home/kaymarrr/fra501_ws/install/my_controller_interfaces/include/my_controller_interfaces/my_controller_interfaces/srv/detail/set_target__rosidl_typesupport_introspection_cpp.hpp
[0.523s] -- Up-to-date: /home/kaymarrr/fra501_ws/install/my_controller_interfaces/include/my_controller_interfaces/my_controller_interfaces/srv/detail/set_target__type_support.cpp
[0.523s] -- Up-to-date: /home/kaymarrr/fra501_ws/install/my_controller_interfaces/lib/libmy_controller_interfaces__rosidl_typesupport_introspection_cpp.so
[0.523s] -- Up-to-date: /home/kaymarrr/fra501_ws/install/my_controller_interfaces/lib/libmy_controller_interfaces__rosidl_typesupport_cpp.so
[0.523s] -- Up-to-date: /home/kaymarrr/fra501_ws/install/my_controller_interfaces/share/my_controller_interfaces/environment/pythonpath.sh
[0.523s] -- Up-to-date: /home/kaymarrr/fra501_ws/install/my_controller_interfaces/share/my_controller_interfaces/environment/pythonpath.dsv
[0.523s] -- Up-to-date: /home/kaymarrr/fra501_ws/install/my_controller_interfaces/local/lib/python3.10/dist-packages/my_controller_interfaces-0.0.0-py3.10.egg-info
[0.523s] -- Installing: /home/kaymarrr/fra501_ws/install/my_controller_interfaces/local/lib/python3.10/dist-packages/my_controller_interfaces-0.0.0-py3.10.egg-info/top_level.txt
[0.523s] -- Installing: /home/kaymarrr/fra501_ws/install/my_controller_interfaces/local/lib/python3.10/dist-packages/my_controller_interfaces-0.0.0-py3.10.egg-info/PKG-INFO
[0.523s] -- Installing: /home/kaymarrr/fra501_ws/install/my_controller_interfaces/local/lib/python3.10/dist-packages/my_controller_interfaces-0.0.0-py3.10.egg-info/dependency_links.txt
[0.524s] -- Installing: /home/kaymarrr/fra501_ws/install/my_controller_interfaces/local/lib/python3.10/dist-packages/my_controller_interfaces-0.0.0-py3.10.egg-info/SOURCES.txt
[0.527s] -- Up-to-date: /home/kaymarrr/fra501_ws/install/my_controller_interfaces/local/lib/python3.10/dist-packages/my_controller_interfaces
[0.530s] -- Up-to-date: /home/kaymarrr/fra501_ws/install/my_controller_interfaces/local/lib/python3.10/dist-packages/my_controller_interfaces/_my_controller_interfaces_s.ep.rosidl_typesupport_c.c
[0.531s] -- Up-to-date: /home/kaymarrr/fra501_ws/install/my_controller_interfaces/local/lib/python3.10/dist-packages/my_controller_interfaces/my_controller_interfaces_s__rosidl_typesupport_fastrtps_c.cpython-310-x86_64-linux-gnu.so
[0.531s] -- Up-to-date: /home/kaymarrr/fra501_ws/install/my_controller_interfaces/local/lib/python3.10/dist-packages/my_controller_interfaces/__init__.py
[0.531s] -- Up-to-date: /home/kaymarrr/fra501_ws/install/my_controller_interfaces/local/lib/python3.10/dist-packages/my_controller_interfaces/_my_controller_interfaces_s.ep.rosidl_typesupport_introspection_c.c
[0.531s] -- Up-to-date: /home/kaymarrr/fra501_ws/install/my_controller_interfaces/local/lib/python3.10/dist-packages/my_controller_interfaces/libmy_controller_interfaces__rosidl_generator_py.so
[0.531s] -- Up-to-date: /home/kaymarrr/fra501_ws/install/my_controller_interfaces/local/lib/python3.10/dist-packages/my_controller_interfaces/_my_controller_interfaces_s.ep.rosidl_typesupport_fastrtps_c.c
[0.531s] -- Up-to-date: /home/kaymarrr/fra501_ws/install/my_controller_interfaces/local/lib/python3.10/dist-packages/my_controller_interfaces/srv
[0.531s] -- Up-to-date: /home/kaymarrr/fra501_ws/install/my_controller_interfaces/local/lib/python3.10/dist-packages/my_controller_interfaces/srv/_set_target.py
[0.531s] -- Up-to-date: /home/kaymarrr/fra501_ws/install/my_controller_interfaces/local/lib/python3.10/dist-packages/my_controller_interfaces/srv/__init__.py
[0.531s] -- Up-to-date: /home/kaymarrr/fra501_ws/install/my_controller_interfaces/local/lib/python3.10/dist-packages/my_controller_interfaces/srv/_set_target_s.c
[0.531s] -- Up-to-date: /home/kaymarrr/fra501_ws/install/my_controller_interfaces/local/lib/python3.10/dist-packages/my_controller_interfaces/my_controller_interfaces_s__rosidl_typesupport_introspection_c.cpython-310-x86_64-linux-gnu.so
[0.531s] -- Up-to-date: /home/kaymarrr/fra501_ws/install/my_controller_interfaces/local/lib/python3.10/dist-packages/my_controller_interfaces/my_controller_interfaces_s__rosidl_typesupport_c.cpython-310-x86_64-linux-gnu.so
[0.541s] Listing '/home/kaymarrr/fra501_ws/install/my_controller_interfaces/local/lib/python3.10/dist-packages/my_controller_interfaces'...
[0.541s] Listing '/home/kaymarrr/fra501_ws/install/my_controller_interfaces/local/lib/python3.10/dist-packages/my_controller_interfaces/srv'...
[0.543s] -- Up-to-date: /home/kaymarrr/fra501_ws/install/my_controller_interfaces/local/lib/python3.10/dist-packages/my_controller_interfaces/my_controller_interfaces_s__rosidl_typesupport_fastrtps_c.cpython-310-x86_64-linux-gnu.so
[0.543s] -- Up-to-date: /home/kaymarrr/fra501_ws/install/my_controller_interfaces/local/lib/python3.10/dist-packages/my_controller_interfaces/my_controller_interfaces_s__rosidl_typesupport_introspection_c.cpython-310-x86_64-linux-gnu.so
[0.543s] -- Up-to-date: /home/kaymarrr/fra501_ws/install/my_controller_interfaces/local/lib/python3.10/dist-packages/my_controller_interfaces/my_controller_interfaces_s__rosidl_typesupport_c.cpython-310-x86_64-linux-gnu.so
[0.543s] -- Up-to-date: /home/kaymarrr/fra501_ws/install/my_controller_interfaces/lib/libmy_controller_interfaces__rosidl_generator_py.so
[0.543s] -- Up-to-date: /home/kaymarrr/fra501_ws/install/my_controller_interfaces/share/my_controller_interfaces/srv/SetTarget.idl
[0.543s] -- Up-to-date: /home/kaymarrr/fra501_ws/install/my_controller_interfaces/share/my_controller_interfaces/srv/SetTarget.srv
[0.543s] -- Up-to-date: /home/kaymarrr/fra501_ws/install/my_controller_interfaces/share/my_controller_interfaces/srv/SetTarget_Request.msg
[0.543s] -- Up-to-date: /home/kaymarrr/fra501_ws/install/my_controller_interfaces/share/my_controller_interfaces/srv/SetTarget_Response.msg
[0.544s] -- Up-to-date: /home/kaymarrr/fra501_ws/install/my_controller_interfaces/share/ament_index/resource_index/package_run_dependencies/my_controller_interfaces
[0.544s] -- Up-to-date: /home/kaymarrr/fra501_ws/install/my_controller_interfaces/share/ament_index/resource_index/parent_prefix_path/my_controller_interfaces
[0.544s] -- Up-to-date: /home/kaymarrr/fra501_ws/install/my_controller_interfaces/share/my_controller_interfaces/environment/ament_prefix_path.sh
[0.544s] -- Up-to-date: /home/kaymarrr/fra501_ws/install/my_controller_interfaces/share/my_controller_interfaces/environment/ament_prefix_path.dsv
[0.545s] -- Up-to-date: /home/kaymarrr/fra501_ws/install/my_controller_interfaces/share/my_controller_interfaces/environment/path.sh
[0.545s] -- Up-to-date: /home/kaymarrr/fra501_ws/install/my_controller_interfaces/share/my_controller_interfaces/environment/path.dsv
[0.545s] -- Up-to-date: /home/kaymarrr/fra501_ws/install/my_controller_interfaces/share/my_controller_interfaces/local_setup.bash
[0.545s] -- Up-to-date: /home/kaymarrr/fra501_ws/install/my_controller_interfaces/share/my_controller_interfaces/local_setup.sh
[0.545s] -- Up-to-date: /home/kaymarrr/fra501_ws/install/my_controller_interfaces/share/my_controller_interfaces/local_setup.zsh
[0.545s] -- Up-to-date: /home/kaymarrr/fra501_ws/install/my_controller_interfaces/share/my_controller_interfaces/local_setup.dsv
[0.546s] -- Installing: /home/kaymarrr/fra501_ws/install/my_controller_interfaces/share/my_controller_interfaces/package.dsv
[0.547s] -- Up-to-date: /home/kaymarrr/fra501_ws/install/my_controller_interfaces/share/ament_index/resource_index/packages/my_controller_interfaces
[0.547s] -- Up-to-date: /home/kaymarrr/fra501_ws/install/my_controller_interfaces/share/my_controller_interfaces/cmake/export_my_controller_interfaces__rosidl_generator_cExport.cmake
[0.547s] -- Up-to-date: /home/kaymarrr/fra501_ws/install/my_controller_interfaces/share/my_controller_interfaces/cmake/export_my_controller_interfaces__rosidl_generator_cExport-noconfig.cmake
[0.547s] -- Up-to-date: /home/kaymarrr/fra501_ws/install/my_controller_interfaces/share/my_controller_interfaces/cmake/export_my_controller_interfaces__rosidl_typesupport_fastrtps_cExport.cmake
[0.547s] -- Up-to-date: /home/kaymarrr/fra501_ws/install/my_controller_interfaces/share/my_controller_interfaces/cmake/export_my_controller_interfaces__rosidl_typesupport_fastrtps_cExport-noconfig.cmake
[0.547s] -- Up-to-date: /home/kaymarrr/fra501_ws/install/my_controller_interfaces/share/my_controller_interfaces/cmake/export_my_controller_interfaces__rosidl_generator_cppExport.cmake
[0.547s] -- Up-to-date: /home/kaymarrr/fra501_ws/install/my_controller_interfaces/share/my_controller_interfaces/cmake/export_my_controller_interfaces__rosidl_typesupport_fastrtps_cppExport.cmake
[0.547s] -- Up-to-date: /home/kaymarrr/fra501_ws/install/my_controller_interfaces/share/my_controller_interfaces/cmake/export_my_controller_interfaces__rosidl_typesupport_fastrtps_cppExport-noconfig.cmake
[0.547s] -- Up-to-date: /home/kaymarrr/fra501_ws/install/my_controller_interfaces/share/my_controller_interfaces/cmake/my_controller_interfaces__rosidl_typesupport_introspection_cExport.cmake
[0.547s] -- Up-to-date: /home/kaymarrr/fra501_ws/install/my_controller_interfaces/share/my_controller_interfaces/cmake/my_controller_interfaces__rosidl_typesupport_introspection_cExport-noconfig.cmake
[0.547s] -- Up-to-date: /home/kaymarrr/fra501_ws/install/my_controller_interfaces/share/my_controller_interfaces/cmake/my_controller_interfaces__rosidl_typesupport_cExport.cmake
[0.547s] -- Up-to-date: /home/kaymarrr/fra501_ws/install/my_controller_interfaces/share/my_controller_interfaces/cmake/my_controller_interfaces__rosidl_typesupport_cExport-noconfig.cmake
[0.547s] -- Up-to-date: /home/kaymarrr/fra501_ws/install/my_controller_interfaces/share/my_controller_interfaces/cmake/my_controller_interfaces__rosidl_typesupport_introspection_cppExport.cmake
[0.547s] -- Up-to-date: /home/kaymarrr/fra501_ws/install/my_controller_interfaces/share/my_controller_interfaces/cmake/my_controller_interfaces__rosidl_typesupport_introspection_cppExport-noconfig.cmake
[0.547s] -- Up-to-date: /home/kaymarrr/fra501_ws/install/my_controller_interfaces/share/my_controller_interfaces/cmake/my_controller_interfaces__rosidl_typesupport_cppExport.cmake
[0.547s] -- Up-to-date: /home/kaymarrr/fra501_ws/install/my_controller_interfaces/share/my_controller_interfaces/cmake/my_controller_interfaces__rosidl_typesupport_cppExport-noconfig.cmake
[0.547s] -- Up-to-date: /home/kaymarrr/fra501_ws/install/my_controller_interfaces/share/my_controller_interfaces/cmake/export_my_controller_interfaces__rosidl_generator_pyExport.cmake
[0.547s] -- Up-to-date: /home/kaymarrr/fra501_ws/install/my_controller_interfaces/share/my_controller_interfaces/cmake/export_my_controller_interfaces__rosidl_generator_pyExport-noconfig.cmake
[0.548s] -- Up-to-date: /home/kaymarrr/fra501_ws/install/my_controller_interfaces/share/my_controller_interfaces/cmake/rosidl_cmake-extras.cmake
[0.548s] -- Up-to-date: /home/kaymarrr/fra501_ws/install/my_controller_interfaces/share/my_controller_interfaces/cmake/ament_cmake_export_dependencies-extras.cmake
[0.548s] -- Up-to-date: /home/kaymarrr/fra501_ws/install/my_controller_interfaces/share/my_controller_interfaces/cmake/ament_cmake_export_include_directories-extras.cmake
[0.548s] -- Up-to-date: /home/kaymarrr/fra501_ws/install/my_controller_interfaces/share/my_controller_interfaces/cmake/ament_cmake_export_libraries-extras.cmake
[0.548s] -- Up-to-date: /home/kaymarrr/fra501_ws/install/my_controller_interfaces/share/my_controller_interfaces/cmake/ament_cmake_export_targets-extras.cmake
[0.548s] -- Up-to-date: /home/kaymarrr/fra501_ws/install/my_controller_interfaces/share/my_controller_interfaces/cmake/rosidl_cmake_export_typesupport_targets-extras.cmake
[0.548s] -- Up-to-date: /home/kaymarrr/fra501_ws/install/my_controller_interfaces/share/my_controller_interfaces/cmake/rosidl_cmake_export_typesupport_libraries-extras.cmake
[0.548s] -- Up-to-date: /home/kaymarrr/fra501_ws/install/my_controller_interfaces/share/my_controller_interfaces/cmake/my_controller_interfacesConfig.cmake
[0.548s] -- Up-to-date: /home/kaymarrr/fra501_ws/install/my_controller_interfaces/share/my_controller_interfaces/cmake/my_controller_interfacesConfig-version.cmake
[0.548s] -- Up-to-date: /home/kaymarrr/fra501_ws/install/my_controller_interfaces/share/my_controller_interfaces/package.xml
[0.570s] Invoked command in '/home/kaymarrr/fra501_ws/build/my_controller_interfaces' returned '0': CMAKE_PREFIX_PATH=${CMAKE_PREFIX_PATH}:/opt/ros/humble /usr/bin/cmake --install /home/kaymarrr/fra501_ws/build/my_controller_interfaces
