[0.027s] Invoking command in '/home/kaymarrr/fra501_ws/build/my_controller': CMAKE_PREFIX_PATH=${CMAKE_PREFIX_PATH}:/opt/ros/humble /usr/bin/cmake /home/kaymarrr/fra501_ws/src/my_controller -DCMAKE_INSTALL_PREFIX=/home/kaymarrr/fra501_ws/install/my_controller
[0.160s] -- The C compiler identification is GNU 11.4.0
[0.246s] -- The CXX compiler identification is GNU 11.4.0
[0.253s] -- Detecting C compiler ABI info
[0.316s] -- Detecting C compiler ABI info - done
[0.323s] -- Check for working C compiler: /usr/bin/cc - skipped
[0.323s] -- Detecting C compile features
[0.324s] -- Detecting C compile features - done
[0.326s] -- Detecting CXX compiler ABI info
[0.394s] -- Detecting CXX compiler ABI info - done
[0.405s] -- Check for working CXX compiler: /usr/bin/c++ - skipped
[0.406s] -- Detecting CXX compile features
[0.407s] -- Detecting CXX compile features - done
[0.409s] -- Found ament_cmake: 1.3.5 (/opt/ros/humble/share/ament_cmake/cmake)
[0.562s] -- Found Python3: /usr/bin/python3.10 (found version "3.10.12") found components: Interpreter 
[0.633s] -- Found rclcpp: 16.0.5 (/opt/ros/humble/share/rclcpp/cmake)
[0.665s] -- Found rosidl_generator_c: 3.1.5 (/opt/ros/humble/share/rosidl_generator_c/cmake)
[0.669s] -- Found rosidl_adapter: 3.1.5 (/opt/ros/humble/share/rosidl_adapter/cmake)
[0.676s] -- Found rosidl_generator_cpp: 3.1.5 (/opt/ros/humble/share/rosidl_generator_cpp/cmake)
[0.688s] -- Using all available rosidl_typesupport_c: rosidl_typesupport_fastrtps_c;rosidl_typesupport_introspection_c
[0.702s] -- Using all available rosidl_typesupport_cpp: rosidl_typesupport_fastrtps_cpp;rosidl_typesupport_introspection_cpp
[0.759s] -- Found rmw_implementation_cmake: 6.1.1 (/opt/ros/humble/share/rmw_implementation_cmake/cmake)
[0.761s] -- Found rmw_fastrtps_cpp: 6.2.3 (/opt/ros/humble/share/rmw_fastrtps_cpp/cmake)
[0.861s] -- Found OpenSSL: /usr/lib/x86_64-linux-gnu/libcrypto.so (found version "3.0.2")  
[0.883s] -- Found FastRTPS: /opt/ros/humble/include  
[0.920s] -- Using RMW implementation 'rmw_fastrtps_cpp' as default
[0.926s] -- Looking for pthread.h
[0.995s] -- Looking for pthread.h - found
[0.996s] -- Performing Test CMAKE_HAVE_LIBC_PTHREAD
[1.059s] -- Performing Test CMAKE_HAVE_LIBC_PTHREAD - Success
[1.060s] -- Found Threads: TRUE  
[1.217s] -- Found rclpy: 3.3.9 (/opt/ros/humble/share/rclpy/cmake)
[1.363s] -- Configuring done
[1.372s] -- Generating done
[1.373s] -- Build files have been written to: /home/kaymarrr/fra501_ws/build/my_controller
[1.381s] Invoked command in '/home/kaymarrr/fra501_ws/build/my_controller' returned '0': CMAKE_PREFIX_PATH=${CMAKE_PREFIX_PATH}:/opt/ros/humble /usr/bin/cmake /home/kaymarrr/fra501_ws/src/my_controller -DCMAKE_INSTALL_PREFIX=/home/kaymarrr/fra501_ws/install/my_controller
[1.382s] Invoking command in '/home/kaymarrr/fra501_ws/build/my_controller': CMAKE_PREFIX_PATH=${CMAKE_PREFIX_PATH}:/opt/ros/humble /usr/bin/cmake --build /home/kaymarrr/fra501_ws/build/my_controller -- -j16 -l16
[1.424s] [ 50%] [32mBuilding CXX object CMakeFiles/cpp_node_test.dir/src/cpp_node.cpp.o[0m
[1.430s] [ 50%] Built target ament_cmake_python_copy_my_controller
[1.649s] running egg_info
[1.649s] creating my_controller.egg-info
[1.650s] writing my_controller.egg-info/PKG-INFO
[1.650s] writing dependency_links to my_controller.egg-info/dependency_links.txt
[1.650s] writing top-level names to my_controller.egg-info/top_level.txt
[1.650s] writing manifest file 'my_controller.egg-info/SOURCES.txt'
[1.652s] reading manifest file 'my_controller.egg-info/SOURCES.txt'
[1.653s] writing manifest file 'my_controller.egg-info/SOURCES.txt'
[1.679s] [ 50%] Built target ament_cmake_python_build_my_controller_egg
[1.725s] [100%] [32m[1mLinking CXX executable cpp_node_test[0m
[1.817s] [100%] Built target cpp_node_test
[1.827s] Invoked command in '/home/kaymarrr/fra501_ws/build/my_controller' returned '0': CMAKE_PREFIX_PATH=${CMAKE_PREFIX_PATH}:/opt/ros/humble /usr/bin/cmake --build /home/kaymarrr/fra501_ws/build/my_controller -- -j16 -l16
[1.851s] Invoking command in '/home/kaymarrr/fra501_ws/build/my_controller': CMAKE_PREFIX_PATH=${CMAKE_PREFIX_PATH}:/opt/ros/humble /usr/bin/cmake --install /home/kaymarrr/fra501_ws/build/my_controller
[1.857s] -- Install configuration: ""
[1.858s] -- Installing: /home/kaymarrr/fra501_ws/install/my_controller/share/my_controller/environment/pythonpath.sh
[1.858s] -- Installing: /home/kaymarrr/fra501_ws/install/my_controller/share/my_controller/environment/pythonpath.dsv
[1.858s] -- Installing: /home/kaymarrr/fra501_ws/install/my_controller/local/lib/python3.10/dist-packages/my_controller-0.0.0-py3.10.egg-info
[1.858s] -- Installing: /home/kaymarrr/fra501_ws/install/my_controller/local/lib/python3.10/dist-packages/my_controller-0.0.0-py3.10.egg-info/top_level.txt
[1.858s] -- Installing: /home/kaymarrr/fra501_ws/install/my_controller/local/lib/python3.10/dist-packages/my_controller-0.0.0-py3.10.egg-info/PKG-INFO
[1.858s] -- Installing: /home/kaymarrr/fra501_ws/install/my_controller/local/lib/python3.10/dist-packages/my_controller-0.0.0-py3.10.egg-info/dependency_links.txt
[1.858s] -- Installing: /home/kaymarrr/fra501_ws/install/my_controller/local/lib/python3.10/dist-packages/my_controller-0.0.0-py3.10.egg-info/SOURCES.txt
[1.858s] -- Installing: /home/kaymarrr/fra501_ws/install/my_controller/local/lib/python3.10/dist-packages/my_controller
[1.858s] -- Installing: /home/kaymarrr/fra501_ws/install/my_controller/local/lib/python3.10/dist-packages/my_controller/__init__.py
[1.858s] -- Installing: /home/kaymarrr/fra501_ws/install/my_controller/local/lib/python3.10/dist-packages/my_controller/dummy_module.py
[1.886s] Listing '/home/kaymarrr/fra501_ws/install/my_controller/local/lib/python3.10/dist-packages/my_controller'...
[1.886s] Compiling '/home/kaymarrr/fra501_ws/install/my_controller/local/lib/python3.10/dist-packages/my_controller/__init__.py'...
[1.886s] Compiling '/home/kaymarrr/fra501_ws/install/my_controller/local/lib/python3.10/dist-packages/my_controller/dummy_module.py'...
[1.890s] -- Installing: /home/kaymarrr/fra501_ws/install/my_controller/lib/my_controller/dummy_script.py
[1.890s] -- Installing: /home/kaymarrr/fra501_ws/install/my_controller/lib/my_controller/my_controller.py
[1.890s] -- Installing: /home/kaymarrr/fra501_ws/install/my_controller/lib/my_controller/cpp_node_test
[1.891s] -- Set runtime path of "/home/kaymarrr/fra501_ws/install/my_controller/lib/my_controller/cpp_node_test" to ""
[1.891s] -- Up-to-date: /home/kaymarrr/fra501_ws/install/my_controller/share/my_controller
[1.891s] -- Installing: /home/kaymarrr/fra501_ws/install/my_controller/share/ament_index/resource_index/package_run_dependencies/my_controller
[1.891s] -- Installing: /home/kaymarrr/fra501_ws/install/my_controller/share/ament_index/resource_index/parent_prefix_path/my_controller
[1.891s] -- Installing: /home/kaymarrr/fra501_ws/install/my_controller/share/my_controller/environment/ament_prefix_path.sh
[1.891s] -- Installing: /home/kaymarrr/fra501_ws/install/my_controller/share/my_controller/environment/ament_prefix_path.dsv
[1.891s] -- Installing: /home/kaymarrr/fra501_ws/install/my_controller/share/my_controller/environment/path.sh
[1.891s] -- Installing: /home/kaymarrr/fra501_ws/install/my_controller/share/my_controller/environment/path.dsv
[1.892s] -- Installing: /home/kaymarrr/fra501_ws/install/my_controller/share/my_controller/local_setup.bash
[1.892s] -- Installing: /home/kaymarrr/fra501_ws/install/my_controller/share/my_controller/local_setup.sh
[1.892s] -- Installing: /home/kaymarrr/fra501_ws/install/my_controller/share/my_controller/local_setup.zsh
[1.892s] -- Installing: /home/kaymarrr/fra501_ws/install/my_controller/share/my_controller/local_setup.dsv
[1.892s] -- Installing: /home/kaymarrr/fra501_ws/install/my_controller/share/my_controller/package.dsv
[1.892s] -- Installing: /home/kaymarrr/fra501_ws/install/my_controller/share/ament_index/resource_index/packages/my_controller
[1.892s] -- Installing: /home/kaymarrr/fra501_ws/install/my_controller/share/my_controller/cmake/my_controllerConfig.cmake
[1.892s] -- Installing: /home/kaymarrr/fra501_ws/install/my_controller/share/my_controller/cmake/my_controllerConfig-version.cmake
[1.892s] -- Installing: /home/kaymarrr/fra501_ws/install/my_controller/share/my_controller/package.xml
[1.894s] Invoked command in '/home/kaymarrr/fra501_ws/build/my_controller' returned '0': CMAKE_PREFIX_PATH=${CMAKE_PREFIX_PATH}:/opt/ros/humble /usr/bin/cmake --install /home/kaymarrr/fra501_ws/build/my_controller
