[0.042s] Invoking command in '/home/kaymarrr/fra501_ws/build/turtlesim_control': CMAKE_PREFIX_PATH=${CMAKE_PREFIX_PATH}:/opt/ros/humble /usr/bin/cmake --build /home/kaymarrr/fra501_ws/build/turtlesim_control -- -j16 -l16
[0.091s] Built target ament_cmake_python_copy_turtlesim_control
[0.351s] running egg_info
[0.352s] writing turtlesim_control.egg-info/PKG-INFO
[0.352s] writing dependency_links to turtlesim_control.egg-info/dependency_links.txt
[0.352s] writing top-level names to turtlesim_control.egg-info/top_level.txt
[0.355s] reading manifest file 'turtlesim_control.egg-info/SOURCES.txt'
[0.355s] writing manifest file 'turtlesim_control.egg-info/SOURCES.txt'
[0.380s] Built target ament_cmake_python_build_turtlesim_control_egg
[0.389s] Invoked command in '/home/kaymarrr/fra501_ws/build/turtlesim_control' returned '0': CMAKE_PREFIX_PATH=${CMAKE_PREFIX_PATH}:/opt/ros/humble /usr/bin/cmake --build /home/kaymarrr/fra501_ws/build/turtlesim_control -- -j16 -l16
[0.408s] Invoking command in '/home/kaymarrr/fra501_ws/build/turtlesim_control': CMAKE_PREFIX_PATH=${CMAKE_PREFIX_PATH}:/opt/ros/humble /usr/bin/cmake --install /home/kaymarrr/fra501_ws/build/turtlesim_control
[0.415s] -- Install configuration: ""
[0.415s] -- Up-to-date: /home/kaymarrr/fra501_ws/install/turtlesim_control/share/turtlesim_control/environment/pythonpath.sh
[0.415s] -- Up-to-date: /home/kaymarrr/fra501_ws/install/turtlesim_control/share/turtlesim_control/environment/pythonpath.dsv
[0.415s] -- Up-to-date: /home/kaymarrr/fra501_ws/install/turtlesim_control/local/lib/python3.10/dist-packages/turtlesim_control-0.0.0-py3.10.egg-info
[0.416s] -- Installing: /home/kaymarrr/fra501_ws/install/turtlesim_control/local/lib/python3.10/dist-packages/turtlesim_control-0.0.0-py3.10.egg-info/top_level.txt
[0.416s] -- Installing: /home/kaymarrr/fra501_ws/install/turtlesim_control/local/lib/python3.10/dist-packages/turtlesim_control-0.0.0-py3.10.egg-info/PKG-INFO
[0.416s] -- Installing: /home/kaymarrr/fra501_ws/install/turtlesim_control/local/lib/python3.10/dist-packages/turtlesim_control-0.0.0-py3.10.egg-info/dependency_links.txt
[0.416s] -- Installing: /home/kaymarrr/fra501_ws/install/turtlesim_control/local/lib/python3.10/dist-packages/turtlesim_control-0.0.0-py3.10.egg-info/SOURCES.txt
[0.416s] -- Up-to-date: /home/kaymarrr/fra501_ws/install/turtlesim_control/local/lib/python3.10/dist-packages/turtlesim_control
[0.416s] -- Up-to-date: /home/kaymarrr/fra501_ws/install/turtlesim_control/local/lib/python3.10/dist-packages/turtlesim_control/__init__.py
[0.416s] -- Up-to-date: /home/kaymarrr/fra501_ws/install/turtlesim_control/local/lib/python3.10/dist-packages/turtlesim_control/ros2_interface.py
[0.416s] -- Up-to-date: /home/kaymarrr/fra501_ws/install/turtlesim_control/local/lib/python3.10/dist-packages/turtlesim_control/algorithm.py
[0.446s] Listing '/home/kaymarrr/fra501_ws/install/turtlesim_control/local/lib/python3.10/dist-packages/turtlesim_control'...
[0.450s] -- Up-to-date: /home/kaymarrr/fra501_ws/install/turtlesim_control/lib/turtlesim_control/controller.py
[0.450s] -- Up-to-date: /home/kaymarrr/fra501_ws/install/turtlesim_control/lib/turtlesim_control/scheduler.py
[0.451s] -- Up-to-date: /home/kaymarrr/fra501_ws/install/turtlesim_control/share/turtlesim_control/via_point
[0.451s] -- Up-to-date: /home/kaymarrr/fra501_ws/install/turtlesim_control/share/turtlesim_control/via_point/via_point_01.yaml
[0.451s] -- Up-to-date: /home/kaymarrr/fra501_ws/install/turtlesim_control/share/turtlesim_control/via_point/via_point_02.yaml
[0.451s] -- Up-to-date: /home/kaymarrr/fra501_ws/install/turtlesim_control/share/turtlesim_control/config
[0.451s] -- Up-to-date: /home/kaymarrr/fra501_ws/install/turtlesim_control/share/turtlesim_control/config/controller_01.yaml
[0.451s] -- Up-to-date: /home/kaymarrr/fra501_ws/install/turtlesim_control/share/turtlesim_control/launch
[0.451s] -- Installing: /home/kaymarrr/fra501_ws/install/turtlesim_control/share/turtlesim_control/launch/turtle.launch.py
[0.452s] -- Up-to-date: /home/kaymarrr/fra501_ws/install/turtlesim_control/share/ament_index/resource_index/package_run_dependencies/turtlesim_control
[0.452s] -- Up-to-date: /home/kaymarrr/fra501_ws/install/turtlesim_control/share/ament_index/resource_index/parent_prefix_path/turtlesim_control
[0.452s] -- Up-to-date: /home/kaymarrr/fra501_ws/install/turtlesim_control/share/turtlesim_control/environment/ament_prefix_path.sh
[0.452s] -- Up-to-date: /home/kaymarrr/fra501_ws/install/turtlesim_control/share/turtlesim_control/environment/ament_prefix_path.dsv
[0.452s] -- Up-to-date: /home/kaymarrr/fra501_ws/install/turtlesim_control/share/turtlesim_control/environment/path.sh
[0.452s] -- Up-to-date: /home/kaymarrr/fra501_ws/install/turtlesim_control/share/turtlesim_control/environment/path.dsv
[0.452s] -- Up-to-date: /home/kaymarrr/fra501_ws/install/turtlesim_control/share/turtlesim_control/local_setup.bash
[0.452s] -- Up-to-date: /home/kaymarrr/fra501_ws/install/turtlesim_control/share/turtlesim_control/local_setup.sh
[0.452s] -- Up-to-date: /home/kaymarrr/fra501_ws/install/turtlesim_control/share/turtlesim_control/local_setup.zsh
[0.452s] -- Up-to-date: /home/kaymarrr/fra501_ws/install/turtlesim_control/share/turtlesim_control/local_setup.dsv
[0.452s] -- Installing: /home/kaymarrr/fra501_ws/install/turtlesim_control/share/turtlesim_control/package.dsv
[0.452s] -- Up-to-date: /home/kaymarrr/fra501_ws/install/turtlesim_control/share/ament_index/resource_index/packages/turtlesim_control
[0.452s] -- Up-to-date: /home/kaymarrr/fra501_ws/install/turtlesim_control/share/turtlesim_control/cmake/turtlesim_controlConfig.cmake
[0.452s] -- Up-to-date: /home/kaymarrr/fra501_ws/install/turtlesim_control/share/turtlesim_control/cmake/turtlesim_controlConfig-version.cmake
[0.452s] -- Up-to-date: /home/kaymarrr/fra501_ws/install/turtlesim_control/share/turtlesim_control/package.xml
[0.455s] Invoked command in '/home/kaymarrr/fra501_ws/build/turtlesim_control' returned '0': CMAKE_PREFIX_PATH=${CMAKE_PREFIX_PATH}:/opt/ros/humble /usr/bin/cmake --install /home/kaymarrr/fra501_ws/build/turtlesim_control
