[0.022s] Invoking command in '/home/kaymarrr/fra501_ws/build/turtlesim_control': CMAKE_PREFIX_PATH=${CMAKE_PREFIX_PATH}:/opt/ros/humble /usr/bin/cmake --build /home/kaymarrr/fra501_ws/build/turtlesim_control -- -j16 -l16
[0.075s] Built target ament_cmake_python_copy_turtlesim_control
[0.331s] running egg_info
[0.332s] writing turtlesim_control.egg-info/PKG-INFO
[0.332s] writing dependency_links to turtlesim_control.egg-info/dependency_links.txt
[0.332s] writing top-level names to turtlesim_control.egg-info/top_level.txt
[0.334s] reading manifest file 'turtlesim_control.egg-info/SOURCES.txt'
[0.334s] writing manifest file 'turtlesim_control.egg-info/SOURCES.txt'
[0.360s] Built target ament_cmake_python_build_turtlesim_control_egg
[0.369s] Invoked command in '/home/kaymarrr/fra501_ws/build/turtlesim_control' returned '0': CMAKE_PREFIX_PATH=${CMAKE_PREFIX_PATH}:/opt/ros/humble /usr/bin/cmake --build /home/kaymarrr/fra501_ws/build/turtlesim_control -- -j16 -l16
[0.395s] Invoking command in '/home/kaymarrr/fra501_ws/build/turtlesim_control': CMAKE_PREFIX_PATH=${CMAKE_PREFIX_PATH}:/opt/ros/humble /usr/bin/cmake --install /home/kaymarrr/fra501_ws/build/turtlesim_control
[0.401s] -- Install configuration: ""
[0.401s] -- Up-to-date: /home/kaymarrr/fra501_ws/install/turtlesim_control/share/turtlesim_control/environment/pythonpath.sh
[0.401s] -- Up-to-date: /home/kaymarrr/fra501_ws/install/turtlesim_control/share/turtlesim_control/environment/pythonpath.dsv
[0.401s] -- Up-to-date: /home/kaymarrr/fra501_ws/install/turtlesim_control/local/lib/python3.10/dist-packages/turtlesim_control-0.0.0-py3.10.egg-info
[0.401s] -- Installing: /home/kaymarrr/fra501_ws/install/turtlesim_control/local/lib/python3.10/dist-packages/turtlesim_control-0.0.0-py3.10.egg-info/top_level.txt
[0.401s] -- Installing: /home/kaymarrr/fra501_ws/install/turtlesim_control/local/lib/python3.10/dist-packages/turtlesim_control-0.0.0-py3.10.egg-info/PKG-INFO
[0.402s] -- Installing: /home/kaymarrr/fra501_ws/install/turtlesim_control/local/lib/python3.10/dist-packages/turtlesim_control-0.0.0-py3.10.egg-info/dependency_links.txt
[0.402s] -- Installing: /home/kaymarrr/fra501_ws/install/turtlesim_control/local/lib/python3.10/dist-packages/turtlesim_control-0.0.0-py3.10.egg-info/SOURCES.txt
[0.402s] -- Up-to-date: /home/kaymarrr/fra501_ws/install/turtlesim_control/local/lib/python3.10/dist-packages/turtlesim_control
[0.402s] -- Up-to-date: /home/kaymarrr/fra501_ws/install/turtlesim_control/local/lib/python3.10/dist-packages/turtlesim_control/__init__.py
[0.402s] -- Up-to-date: /home/kaymarrr/fra501_ws/install/turtlesim_control/local/lib/python3.10/dist-packages/turtlesim_control/ros2_interface.py
[0.402s] -- Up-to-date: /home/kaymarrr/fra501_ws/install/turtlesim_control/local/lib/python3.10/dist-packages/turtlesim_control/algorithm.py
[0.436s] Listing '/home/kaymarrr/fra501_ws/install/turtlesim_control/local/lib/python3.10/dist-packages/turtlesim_control'...
[0.440s] -- Up-to-date: /home/kaymarrr/fra501_ws/install/turtlesim_control/lib/turtlesim_control/controller.py
[0.440s] -- Up-to-date: /home/kaymarrr/fra501_ws/install/turtlesim_control/lib/turtlesim_control/scheduler.py
[0.440s] -- Up-to-date: /home/kaymarrr/fra501_ws/install/turtlesim_control/share/turtlesim_control/via_point
[0.440s] -- Installing: /home/kaymarrr/fra501_ws/install/turtlesim_control/share/turtlesim_control/via_point/via_point_01.yaml
[0.440s] -- Up-to-date: /home/kaymarrr/fra501_ws/install/turtlesim_control/share/turtlesim_control/via_point/via_point_02.yaml
[0.440s] -- Up-to-date: /home/kaymarrr/fra501_ws/install/turtlesim_control/share/turtlesim_control/config
[0.440s] -- Up-to-date: /home/kaymarrr/fra501_ws/install/turtlesim_control/share/turtlesim_control/config/controller_01.yaml
[0.440s] -- Up-to-date: /home/kaymarrr/fra501_ws/install/turtlesim_control/share/turtlesim_control/launch
[0.440s] -- Up-to-date: /home/kaymarrr/fra501_ws/install/turtlesim_control/share/turtlesim_control/launch/turtle.launch.py
[0.440s] -- Up-to-date: /home/kaymarrr/fra501_ws/install/turtlesim_control/share/ament_index/resource_index/package_run_dependencies/turtlesim_control
[0.440s] -- Up-to-date: /home/kaymarrr/fra501_ws/install/turtlesim_control/share/ament_index/resource_index/parent_prefix_path/turtlesim_control
[0.440s] -- Up-to-date: /home/kaymarrr/fra501_ws/install/turtlesim_control/share/turtlesim_control/environment/ament_prefix_path.sh
[0.440s] -- Up-to-date: /home/kaymarrr/fra501_ws/install/turtlesim_control/share/turtlesim_control/environment/ament_prefix_path.dsv
[0.440s] -- Up-to-date: /home/kaymarrr/fra501_ws/install/turtlesim_control/share/turtlesim_control/environment/path.sh
[0.440s] -- Up-to-date: /home/kaymarrr/fra501_ws/install/turtlesim_control/share/turtlesim_control/environment/path.dsv
[0.444s] -- Up-to-date: /home/kaymarrr/fra501_ws/install/turtlesim_control/share/turtlesim_control/local_setup.bash
[0.444s] -- Up-to-date: /home/kaymarrr/fra501_ws/install/turtlesim_control/share/turtlesim_control/local_setup.sh
[0.444s] -- Up-to-date: /home/kaymarrr/fra501_ws/install/turtlesim_control/share/turtlesim_control/local_setup.zsh
[0.445s] -- Up-to-date: /home/kaymarrr/fra501_ws/install/turtlesim_control/share/turtlesim_control/local_setup.dsv
[0.445s] -- Installing: /home/kaymarrr/fra501_ws/install/turtlesim_control/share/turtlesim_control/package.dsv
[0.445s] -- Up-to-date: /home/kaymarrr/fra501_ws/install/turtlesim_control/share/ament_index/resource_index/packages/turtlesim_control
[0.445s] -- Up-to-date: /home/kaymarrr/fra501_ws/install/turtlesim_control/share/turtlesim_control/cmake/turtlesim_controlConfig.cmake
[0.445s] -- Up-to-date: /home/kaymarrr/fra501_ws/install/turtlesim_control/share/turtlesim_control/cmake/turtlesim_controlConfig-version.cmake
[0.445s] -- Up-to-date: /home/kaymarrr/fra501_ws/install/turtlesim_control/share/turtlesim_control/package.xml
[0.448s] Invoked command in '/home/kaymarrr/fra501_ws/build/turtlesim_control' returned '0': CMAKE_PREFIX_PATH=${CMAKE_PREFIX_PATH}:/opt/ros/humble /usr/bin/cmake --install /home/kaymarrr/fra501_ws/build/turtlesim_control
