[0.021s] Invoking command in '/home/kaymarrr/fra501_ws/build/my_controller_interfaces': CMAKE_PREFIX_PATH=${CMAKE_PREFIX_PATH}:/opt/ros/humble /usr/bin/cmake /home/kaymarrr/fra501_ws/src/my_controller_interfaces -DCMAKE_INSTALL_PREFIX=/home/kaymarrr/fra501_ws/install/my_controller_interfaces
[0.154s] -- The C compiler identification is GNU 11.4.0
[0.239s] -- The CXX compiler identification is GNU 11.4.0
[0.245s] -- Detecting C compiler ABI info
[0.309s] -- Detecting C compiler ABI info - done
[0.316s] -- Check for working C compiler: /usr/bin/cc - skipped
[0.316s] -- Detecting C compile features
[0.317s] -- Detecting C compile features - done
[0.318s] -- Detecting CXX compiler ABI info
[0.386s] -- Detecting CXX compiler ABI info - done
[0.392s] -- Check for working CXX compiler: /usr/bin/c++ - skipped
[0.392s] -- Detecting CXX compile features
[0.392s] -- Detecting CXX compile features - done
[0.394s] -- Found ament_cmake: 1.3.5 (/opt/ros/humble/share/ament_cmake/cmake)
[0.554s] -- Found Python3: /usr/bin/python3.10 (found version "3.10.12") found components: Interpreter 
[0.632s] -- Found ament_lint_auto: 0.12.7 (/opt/ros/humble/share/ament_lint_auto/cmake)
[0.698s] -- Found geometry_msgs: 4.2.3 (/opt/ros/humble/share/geometry_msgs/cmake)
[0.726s] -- Found rosidl_generator_c: 3.1.5 (/opt/ros/humble/share/rosidl_generator_c/cmake)
[0.730s] -- Found rosidl_adapter: 3.1.5 (/opt/ros/humble/share/rosidl_adapter/cmake)
[0.736s] -- Found rosidl_generator_cpp: 3.1.5 (/opt/ros/humble/share/rosidl_generator_cpp/cmake)
[0.748s] -- Using all available rosidl_typesupport_c: rosidl_typesupport_fastrtps_c;rosidl_typesupport_introspection_c
[0.765s] -- Using all available rosidl_typesupport_cpp: rosidl_typesupport_fastrtps_cpp;rosidl_typesupport_introspection_cpp
[0.877s] -- Found rosidl_default_generators: 1.2.0 (/opt/ros/humble/share/rosidl_default_generators/cmake)
[1.084s] -- Found ament_cmake_ros: 0.10.0 (/opt/ros/humble/share/ament_cmake_ros/cmake)
[1.483s] -- Using all available rosidl_typesupport_c: rosidl_typesupport_fastrtps_c;rosidl_typesupport_introspection_c
[1.647s] -- Using all available rosidl_typesupport_cpp: rosidl_typesupport_fastrtps_cpp;rosidl_typesupport_introspection_cpp
[1.672s] -- Found PythonInterp: /usr/bin/python3 (found suitable version "3.10.12", minimum required is "3.6") 
[1.673s] -- Found python_cmake_module: 0.10.0 (/opt/ros/humble/share/python_cmake_module/cmake)
[1.700s] -- Found PythonLibs: /usr/lib/x86_64-linux-gnu/libpython3.10.so (found suitable version "3.10.12", minimum required is "3.5") 
[1.700s] -- Using PYTHON_EXECUTABLE: /usr/bin/python3
[1.700s] -- Using PYTHON_INCLUDE_DIRS: /usr/include/python3.10
[1.700s] -- Using PYTHON_LIBRARIES: /usr/lib/x86_64-linux-gnu/libpython3.10.so
[1.722s] -- Found PythonExtra: .so  
[1.809s] -- Added test 'lint_cmake' to check CMake code style
[1.809s] -- Added test 'xmllint' to check XML markup files
[1.812s] -- Configuring done
[1.838s] -- Generating done
[1.841s] -- Build files have been written to: /home/kaymarrr/fra501_ws/build/my_controller_interfaces
[1.848s] Invoked command in '/home/kaymarrr/fra501_ws/build/my_controller_interfaces' returned '0': CMAKE_PREFIX_PATH=${CMAKE_PREFIX_PATH}:/opt/ros/humble /usr/bin/cmake /home/kaymarrr/fra501_ws/src/my_controller_interfaces -DCMAKE_INSTALL_PREFIX=/home/kaymarrr/fra501_ws/install/my_controller_interfaces
[1.850s] Invoking command in '/home/kaymarrr/fra501_ws/build/my_controller_interfaces': CMAKE_PREFIX_PATH=${CMAKE_PREFIX_PATH}:/opt/ros/humble /usr/bin/cmake --build /home/kaymarrr/fra501_ws/build/my_controller_interfaces -- -j16 -l16
[1.882s] [  3%] [34m[1mGenerating C code for ROS interfaces[0m
[1.893s] [  6%] [34m[1mGenerating C++ code for ROS interfaces[0m
[1.897s] [  6%] Built target ament_cmake_python_copy_my_controller_interfaces
[2.137s] running egg_info
[2.137s] creating my_controller_interfaces.egg-info
[2.137s] writing my_controller_interfaces.egg-info/PKG-INFO
[2.137s] writing dependency_links to my_controller_interfaces.egg-info/dependency_links.txt
[2.138s] writing top-level names to my_controller_interfaces.egg-info/top_level.txt
[2.138s] writing manifest file 'my_controller_interfaces.egg-info/SOURCES.txt'
[2.140s] reading manifest file 'my_controller_interfaces.egg-info/SOURCES.txt'
[2.140s] writing manifest file 'my_controller_interfaces.egg-info/SOURCES.txt'
[2.165s] [  6%] Built target ament_cmake_python_build_my_controller_interfaces_egg
[2.184s] [  6%] Built target my_controller_interfaces__cpp
[2.193s] [  9%] [34m[1mGenerating C++ type support dispatch for ROS interfaces[0m
[2.194s] [ 12%] [34m[1mGenerating C++ type support for eProsima Fast-RTPS[0m
[2.195s] [ 16%] [34m[1mGenerating C++ introspection for ROS interfaces[0m
[2.201s] [ 19%] [32mBuilding C object CMakeFiles/my_controller_interfaces__rosidl_generator_c.dir/rosidl_generator_c/my_controller_interfaces/srv/detail/set_target__functions.c.o[0m
[2.299s] [ 22%] [32m[1mLinking C shared library libmy_controller_interfaces__rosidl_generator_c.so[0m
[2.354s] [ 22%] Built target my_controller_interfaces__rosidl_generator_c
[2.370s] [ 25%] [34m[1mGenerating C introspection for ROS interfaces[0m
[2.372s] [ 29%] [34m[1mGenerating C type support dispatch for ROS interfaces[0m
[2.398s] [ 32%] [34m[1mGenerating C type support for eProsima Fast-RTPS[0m
[2.623s] [ 35%] [32mBuilding CXX object CMakeFiles/my_controller_interfaces__rosidl_typesupport_cpp.dir/rosidl_typesupport_cpp/my_controller_interfaces/srv/set_target__type_support.cpp.o[0m
[2.626s] [ 38%] [32mBuilding CXX object CMakeFiles/my_controller_interfaces__rosidl_typesupport_introspection_cpp.dir/rosidl_typesupport_introspection_cpp/my_controller_interfaces/srv/detail/set_target__type_support.cpp.o[0m
[2.701s] [ 41%] [32mBuilding CXX object CMakeFiles/my_controller_interfaces__rosidl_typesupport_fastrtps_cpp.dir/rosidl_typesupport_fastrtps_cpp/my_controller_interfaces/srv/detail/dds_fastrtps/set_target__type_support.cpp.o[0m
[2.900s] [ 45%] [32mBuilding CXX object CMakeFiles/my_controller_interfaces__rosidl_typesupport_c.dir/rosidl_typesupport_c/my_controller_interfaces/srv/set_target__type_support.cpp.o[0m
[2.974s] [ 48%] [32mBuilding C object CMakeFiles/my_controller_interfaces__rosidl_typesupport_introspection_c.dir/rosidl_typesupport_introspection_c/my_controller_interfaces/srv/detail/set_target__type_support.c.o[0m
[2.978s] [ 51%] [32m[1mLinking CXX shared library libmy_controller_interfaces__rosidl_typesupport_c.so[0m
[2.993s] [ 54%] [32mBuilding CXX object CMakeFiles/my_controller_interfaces__rosidl_typesupport_fastrtps_c.dir/rosidl_typesupport_fastrtps_c/my_controller_interfaces/srv/detail/set_target__type_support_c.cpp.o[0m
[3.058s] [ 58%] [32m[1mLinking C shared library libmy_controller_interfaces__rosidl_typesupport_introspection_c.so[0m
[3.070s] [ 58%] Built target my_controller_interfaces__rosidl_typesupport_c
[3.106s] [ 61%] [32m[1mLinking CXX shared library libmy_controller_interfaces__rosidl_typesupport_cpp.so[0m
[3.142s] [ 61%] Built target my_controller_interfaces__rosidl_typesupport_introspection_c
[3.175s] [ 61%] Built target my_controller_interfaces__rosidl_typesupport_cpp
[3.424s] [ 64%] [32m[1mLinking CXX shared library libmy_controller_interfaces__rosidl_typesupport_introspection_cpp.so[0m
[3.523s] [ 67%] [32m[1mLinking CXX shared library libmy_controller_interfaces__rosidl_typesupport_fastrtps_cpp.so[0m
[3.580s] [ 67%] Built target my_controller_interfaces__rosidl_typesupport_introspection_cpp
[3.625s] [ 70%] [32m[1mLinking CXX shared library libmy_controller_interfaces__rosidl_typesupport_fastrtps_c.so[0m
[3.697s] [ 70%] Built target my_controller_interfaces__rosidl_typesupport_fastrtps_cpp
[3.765s] [ 70%] Built target my_controller_interfaces__rosidl_typesupport_fastrtps_c
[3.792s] [ 70%] Built target my_controller_interfaces
[3.869s] [ 74%] [34m[1mGenerating Python code for ROS interfaces[0m
[4.298s] [ 74%] Built target my_controller_interfaces__py
[4.313s] [ 77%] [32mBuilding C object CMakeFiles/my_controller_interfaces__rosidl_generator_py.dir/rosidl_generator_py/my_controller_interfaces/srv/_set_target_s.c.o[0m
[4.424s] [ 80%] [32m[1mLinking C shared library rosidl_generator_py/my_controller_interfaces/libmy_controller_interfaces__rosidl_generator_py.so[0m
[4.458s] [ 80%] Built target my_controller_interfaces__rosidl_generator_py
[4.475s] [ 83%] [32mBuilding C object CMakeFiles/my_controller_interfaces__rosidl_typesupport_fastrtps_c__pyext.dir/rosidl_generator_py/my_controller_interfaces/_my_controller_interfaces_s.ep.rosidl_typesupport_fastrtps_c.c.o[0m
[4.475s] [ 87%] [32mBuilding C object CMakeFiles/my_controller_interfaces__rosidl_typesupport_introspection_c__pyext.dir/rosidl_generator_py/my_controller_interfaces/_my_controller_interfaces_s.ep.rosidl_typesupport_introspection_c.c.o[0m
[4.475s] [ 90%] [32mBuilding C object CMakeFiles/my_controller_interfaces__rosidl_typesupport_c__pyext.dir/rosidl_generator_py/my_controller_interfaces/_my_controller_interfaces_s.ep.rosidl_typesupport_c.c.o[0m
[4.565s] [ 96%] [32m[1mLinking C shared library rosidl_generator_py/my_controller_interfaces/my_controller_interfaces_s__rosidl_typesupport_c.cpython-310-x86_64-linux-gnu.so[0m
[4.565s] [ 96%] [32m[1mLinking C shared library rosidl_generator_py/my_controller_interfaces/my_controller_interfaces_s__rosidl_typesupport_introspection_c.cpython-310-x86_64-linux-gnu.so[0m
[4.565s] [100%] [32m[1mLinking C shared library rosidl_generator_py/my_controller_interfaces/my_controller_interfaces_s__rosidl_typesupport_fastrtps_c.cpython-310-x86_64-linux-gnu.so[0m
[4.602s] [100%] Built target my_controller_interfaces__rosidl_typesupport_introspection_c__pyext
[4.602s] [100%] Built target my_controller_interfaces__rosidl_typesupport_fastrtps_c__pyext
[4.602s] [100%] Built target my_controller_interfaces__rosidl_typesupport_c__pyext
[4.612s] Invoked command in '/home/kaymarrr/fra501_ws/build/my_controller_interfaces' returned '0': CMAKE_PREFIX_PATH=${CMAKE_PREFIX_PATH}:/opt/ros/humble /usr/bin/cmake --build /home/kaymarrr/fra501_ws/build/my_controller_interfaces -- -j16 -l16
[4.667s] Invoking command in '/home/kaymarrr/fra501_ws/build/my_controller_interfaces': CMAKE_PREFIX_PATH=${CMAKE_PREFIX_PATH}:/opt/ros/humble /usr/bin/cmake --install /home/kaymarrr/fra501_ws/build/my_controller_interfaces
[4.674s] -- Install configuration: ""
[4.674s] -- Installing: /home/kaymarrr/fra501_ws/install/my_controller_interfaces/share/ament_index/resource_index/rosidl_interfaces/my_controller_interfaces
[4.674s] -- Installing: /home/kaymarrr/fra501_ws/install/my_controller_interfaces/include/my_controller_interfaces/my_controller_interfaces
[4.674s] -- Installing: /home/kaymarrr/fra501_ws/install/my_controller_interfaces/include/my_controller_interfaces/my_controller_interfaces/msg
[4.674s] -- Installing: /home/kaymarrr/fra501_ws/install/my_controller_interfaces/include/my_controller_interfaces/my_controller_interfaces/msg/rosidl_generator_c__visibility_control.h
[4.675s] -- Installing: /home/kaymarrr/fra501_ws/install/my_controller_interfaces/include/my_controller_interfaces/my_controller_interfaces/srv
[4.675s] -- Installing: /home/kaymarrr/fra501_ws/install/my_controller_interfaces/include/my_controller_interfaces/my_controller_interfaces/srv/detail
[4.675s] -- Installing: /home/kaymarrr/fra501_ws/install/my_controller_interfaces/include/my_controller_interfaces/my_controller_interfaces/srv/detail/set_target__functions.h
[4.675s] -- Installing: /home/kaymarrr/fra501_ws/install/my_controller_interfaces/include/my_controller_interfaces/my_controller_interfaces/srv/detail/set_target__functions.c
[4.675s] -- Installing: /home/kaymarrr/fra501_ws/install/my_controller_interfaces/include/my_controller_interfaces/my_controller_interfaces/srv/detail/set_target__struct.h
[4.675s] -- Installing: /home/kaymarrr/fra501_ws/install/my_controller_interfaces/include/my_controller_interfaces/my_controller_interfaces/srv/detail/set_target__type_support.h
[4.675s] -- Installing: /home/kaymarrr/fra501_ws/install/my_controller_interfaces/include/my_controller_interfaces/my_controller_interfaces/srv/set_target.h
[4.675s] -- Installing: /home/kaymarrr/fra501_ws/install/my_controller_interfaces/share/my_controller_interfaces/environment/library_path.sh
[4.675s] -- Installing: /home/kaymarrr/fra501_ws/install/my_controller_interfaces/share/my_controller_interfaces/environment/library_path.dsv
[4.676s] -- Installing: /home/kaymarrr/fra501_ws/install/my_controller_interfaces/lib/libmy_controller_interfaces__rosidl_generator_c.so
[4.676s] -- Set runtime path of "/home/kaymarrr/fra501_ws/install/my_controller_interfaces/lib/libmy_controller_interfaces__rosidl_generator_c.so" to ""
[4.676s] -- Up-to-date: /home/kaymarrr/fra501_ws/install/my_controller_interfaces/include/my_controller_interfaces/my_controller_interfaces
[4.676s] -- Up-to-date: /home/kaymarrr/fra501_ws/install/my_controller_interfaces/include/my_controller_interfaces/my_controller_interfaces/msg
[4.676s] -- Installing: /home/kaymarrr/fra501_ws/install/my_controller_interfaces/include/my_controller_interfaces/my_controller_interfaces/msg/rosidl_typesupport_fastrtps_c__visibility_control.h
[4.676s] -- Up-to-date: /home/kaymarrr/fra501_ws/install/my_controller_interfaces/include/my_controller_interfaces/my_controller_interfaces/srv
[4.676s] -- Up-to-date: /home/kaymarrr/fra501_ws/install/my_controller_interfaces/include/my_controller_interfaces/my_controller_interfaces/srv/detail
[4.676s] -- Installing: /home/kaymarrr/fra501_ws/install/my_controller_interfaces/include/my_controller_interfaces/my_controller_interfaces/srv/detail/set_target__rosidl_typesupport_fastrtps_c.h
[4.676s] -- Installing: /home/kaymarrr/fra501_ws/install/my_controller_interfaces/lib/libmy_controller_interfaces__rosidl_typesupport_fastrtps_c.so
[4.676s] -- Set runtime path of "/home/kaymarrr/fra501_ws/install/my_controller_interfaces/lib/libmy_controller_interfaces__rosidl_typesupport_fastrtps_c.so" to ""
[4.676s] -- Up-to-date: /home/kaymarrr/fra501_ws/install/my_controller_interfaces/include/my_controller_interfaces/my_controller_interfaces
[4.676s] -- Up-to-date: /home/kaymarrr/fra501_ws/install/my_controller_interfaces/include/my_controller_interfaces/my_controller_interfaces/srv
[4.676s] -- Installing: /home/kaymarrr/fra501_ws/install/my_controller_interfaces/include/my_controller_interfaces/my_controller_interfaces/srv/set_target.hpp
[4.677s] -- Up-to-date: /home/kaymarrr/fra501_ws/install/my_controller_interfaces/include/my_controller_interfaces/my_controller_interfaces/srv/detail
[4.677s] -- Installing: /home/kaymarrr/fra501_ws/install/my_controller_interfaces/include/my_controller_interfaces/my_controller_interfaces/srv/detail/set_target__builder.hpp
[4.677s] -- Installing: /home/kaymarrr/fra501_ws/install/my_controller_interfaces/include/my_controller_interfaces/my_controller_interfaces/srv/detail/set_target__struct.hpp
[4.677s] -- Installing: /home/kaymarrr/fra501_ws/install/my_controller_interfaces/include/my_controller_interfaces/my_controller_interfaces/srv/detail/set_target__traits.hpp
[4.677s] -- Up-to-date: /home/kaymarrr/fra501_ws/install/my_controller_interfaces/include/my_controller_interfaces/my_controller_interfaces
[4.677s] -- Up-to-date: /home/kaymarrr/fra501_ws/install/my_controller_interfaces/include/my_controller_interfaces/my_controller_interfaces/msg
[4.677s] -- Installing: /home/kaymarrr/fra501_ws/install/my_controller_interfaces/include/my_controller_interfaces/my_controller_interfaces/msg/rosidl_typesupport_fastrtps_cpp__visibility_control.h
[4.677s] -- Up-to-date: /home/kaymarrr/fra501_ws/install/my_controller_interfaces/include/my_controller_interfaces/my_controller_interfaces/srv
[4.677s] -- Up-to-date: /home/kaymarrr/fra501_ws/install/my_controller_interfaces/include/my_controller_interfaces/my_controller_interfaces/srv/detail
[4.677s] -- Installing: /home/kaymarrr/fra501_ws/install/my_controller_interfaces/include/my_controller_interfaces/my_controller_interfaces/srv/detail/set_target__rosidl_typesupport_fastrtps_cpp.hpp
[4.677s] -- Installing: /home/kaymarrr/fra501_ws/install/my_controller_interfaces/include/my_controller_interfaces/my_controller_interfaces/srv/detail/dds_fastrtps
[4.677s] -- Installing: /home/kaymarrr/fra501_ws/install/my_controller_interfaces/lib/libmy_controller_interfaces__rosidl_typesupport_fastrtps_cpp.so
[4.677s] -- Set runtime path of "/home/kaymarrr/fra501_ws/install/my_controller_interfaces/lib/libmy_controller_interfaces__rosidl_typesupport_fastrtps_cpp.so" to ""
[4.677s] -- Up-to-date: /home/kaymarrr/fra501_ws/install/my_controller_interfaces/include/my_controller_interfaces/my_controller_interfaces
[4.678s] -- Up-to-date: /home/kaymarrr/fra501_ws/install/my_controller_interfaces/include/my_controller_interfaces/my_controller_interfaces/msg
[4.678s] -- Installing: /home/kaymarrr/fra501_ws/install/my_controller_interfaces/include/my_controller_interfaces/my_controller_interfaces/msg/rosidl_typesupport_introspection_c__visibility_control.h
[4.678s] -- Up-to-date: /home/kaymarrr/fra501_ws/install/my_controller_interfaces/include/my_controller_interfaces/my_controller_interfaces/srv
[4.678s] -- Up-to-date: /home/kaymarrr/fra501_ws/install/my_controller_interfaces/include/my_controller_interfaces/my_controller_interfaces/srv/detail
[4.678s] -- Installing: /home/kaymarrr/fra501_ws/install/my_controller_interfaces/include/my_controller_interfaces/my_controller_interfaces/srv/detail/set_target__rosidl_typesupport_introspection_c.h
[4.678s] -- Installing: /home/kaymarrr/fra501_ws/install/my_controller_interfaces/include/my_controller_interfaces/my_controller_interfaces/srv/detail/set_target__type_support.c
[4.678s] -- Installing: /home/kaymarrr/fra501_ws/install/my_controller_interfaces/lib/libmy_controller_interfaces__rosidl_typesupport_introspection_c.so
[4.678s] -- Set runtime path of "/home/kaymarrr/fra501_ws/install/my_controller_interfaces/lib/libmy_controller_interfaces__rosidl_typesupport_introspection_c.so" to ""
[4.678s] -- Installing: /home/kaymarrr/fra501_ws/install/my_controller_interfaces/lib/libmy_controller_interfaces__rosidl_typesupport_c.so
[4.678s] -- Set runtime path of "/home/kaymarrr/fra501_ws/install/my_controller_interfaces/lib/libmy_controller_interfaces__rosidl_typesupport_c.so" to ""
[4.678s] -- Up-to-date: /home/kaymarrr/fra501_ws/install/my_controller_interfaces/include/my_controller_interfaces/my_controller_interfaces
[4.678s] -- Up-to-date: /home/kaymarrr/fra501_ws/install/my_controller_interfaces/include/my_controller_interfaces/my_controller_interfaces/srv
[4.678s] -- Up-to-date: /home/kaymarrr/fra501_ws/install/my_controller_interfaces/include/my_controller_interfaces/my_controller_interfaces/srv/detail
[4.678s] -- Installing: /home/kaymarrr/fra501_ws/install/my_controller_interfaces/include/my_controller_interfaces/my_controller_interfaces/srv/detail/set_target__rosidl_typesupport_introspection_cpp.hpp
[4.678s] -- Installing: /home/kaymarrr/fra501_ws/install/my_controller_interfaces/include/my_controller_interfaces/my_controller_interfaces/srv/detail/set_target__type_support.cpp
[4.678s] -- Installing: /home/kaymarrr/fra501_ws/install/my_controller_interfaces/lib/libmy_controller_interfaces__rosidl_typesupport_introspection_cpp.so
[4.679s] -- Set runtime path of "/home/kaymarrr/fra501_ws/install/my_controller_interfaces/lib/libmy_controller_interfaces__rosidl_typesupport_introspection_cpp.so" to ""
[4.679s] -- Installing: /home/kaymarrr/fra501_ws/install/my_controller_interfaces/lib/libmy_controller_interfaces__rosidl_typesupport_cpp.so
[4.679s] -- Set runtime path of "/home/kaymarrr/fra501_ws/install/my_controller_interfaces/lib/libmy_controller_interfaces__rosidl_typesupport_cpp.so" to ""
[4.679s] -- Installing: /home/kaymarrr/fra501_ws/install/my_controller_interfaces/share/my_controller_interfaces/environment/pythonpath.sh
[4.679s] -- Installing: /home/kaymarrr/fra501_ws/install/my_controller_interfaces/share/my_controller_interfaces/environment/pythonpath.dsv
[4.679s] -- Installing: /home/kaymarrr/fra501_ws/install/my_controller_interfaces/local/lib/python3.10/dist-packages/my_controller_interfaces-0.0.0-py3.10.egg-info
[4.679s] -- Installing: /home/kaymarrr/fra501_ws/install/my_controller_interfaces/local/lib/python3.10/dist-packages/my_controller_interfaces-0.0.0-py3.10.egg-info/top_level.txt
[4.679s] -- Installing: /home/kaymarrr/fra501_ws/install/my_controller_interfaces/local/lib/python3.10/dist-packages/my_controller_interfaces-0.0.0-py3.10.egg-info/PKG-INFO
[4.679s] -- Installing: /home/kaymarrr/fra501_ws/install/my_controller_interfaces/local/lib/python3.10/dist-packages/my_controller_interfaces-0.0.0-py3.10.egg-info/dependency_links.txt
[4.679s] -- Installing: /home/kaymarrr/fra501_ws/install/my_controller_interfaces/local/lib/python3.10/dist-packages/my_controller_interfaces-0.0.0-py3.10.egg-info/SOURCES.txt
[4.679s] -- Installing: /home/kaymarrr/fra501_ws/install/my_controller_interfaces/local/lib/python3.10/dist-packages/my_controller_interfaces
[4.680s] -- Installing: /home/kaymarrr/fra501_ws/install/my_controller_interfaces/local/lib/python3.10/dist-packages/my_controller_interfaces/_my_controller_interfaces_s.ep.rosidl_typesupport_c.c
[4.680s] -- Installing: /home/kaymarrr/fra501_ws/install/my_controller_interfaces/local/lib/python3.10/dist-packages/my_controller_interfaces/my_controller_interfaces_s__rosidl_typesupport_fastrtps_c.cpython-310-x86_64-linux-gnu.so
[4.680s] -- Installing: /home/kaymarrr/fra501_ws/install/my_controller_interfaces/local/lib/python3.10/dist-packages/my_controller_interfaces/__init__.py
[4.680s] -- Installing: /home/kaymarrr/fra501_ws/install/my_controller_interfaces/local/lib/python3.10/dist-packages/my_controller_interfaces/_my_controller_interfaces_s.ep.rosidl_typesupport_introspection_c.c
[4.680s] -- Installing: /home/kaymarrr/fra501_ws/install/my_controller_interfaces/local/lib/python3.10/dist-packages/my_controller_interfaces/libmy_controller_interfaces__rosidl_generator_py.so
[4.680s] -- Installing: /home/kaymarrr/fra501_ws/install/my_controller_interfaces/local/lib/python3.10/dist-packages/my_controller_interfaces/_my_controller_interfaces_s.ep.rosidl_typesupport_fastrtps_c.c
[4.680s] -- Installing: /home/kaymarrr/fra501_ws/install/my_controller_interfaces/local/lib/python3.10/dist-packages/my_controller_interfaces/srv
[4.680s] -- Installing: /home/kaymarrr/fra501_ws/install/my_controller_interfaces/local/lib/python3.10/dist-packages/my_controller_interfaces/srv/_set_target.py
[4.680s] -- Installing: /home/kaymarrr/fra501_ws/install/my_controller_interfaces/local/lib/python3.10/dist-packages/my_controller_interfaces/srv/__init__.py
[4.680s] -- Installing: /home/kaymarrr/fra501_ws/install/my_controller_interfaces/local/lib/python3.10/dist-packages/my_controller_interfaces/srv/_set_target_s.c
[4.680s] -- Installing: /home/kaymarrr/fra501_ws/install/my_controller_interfaces/local/lib/python3.10/dist-packages/my_controller_interfaces/my_controller_interfaces_s__rosidl_typesupport_introspection_c.cpython-310-x86_64-linux-gnu.so
[4.680s] -- Installing: /home/kaymarrr/fra501_ws/install/my_controller_interfaces/local/lib/python3.10/dist-packages/my_controller_interfaces/my_controller_interfaces_s__rosidl_typesupport_c.cpython-310-x86_64-linux-gnu.so
[4.711s] Listing '/home/kaymarrr/fra501_ws/install/my_controller_interfaces/local/lib/python3.10/dist-packages/my_controller_interfaces'...
[4.711s] Compiling '/home/kaymarrr/fra501_ws/install/my_controller_interfaces/local/lib/python3.10/dist-packages/my_controller_interfaces/__init__.py'...
[4.711s] Listing '/home/kaymarrr/fra501_ws/install/my_controller_interfaces/local/lib/python3.10/dist-packages/my_controller_interfaces/srv'...
[4.712s] Compiling '/home/kaymarrr/fra501_ws/install/my_controller_interfaces/local/lib/python3.10/dist-packages/my_controller_interfaces/srv/__init__.py'...
[4.712s] Compiling '/home/kaymarrr/fra501_ws/install/my_controller_interfaces/local/lib/python3.10/dist-packages/my_controller_interfaces/srv/_set_target.py'...
[4.716s] -- Installing: /home/kaymarrr/fra501_ws/install/my_controller_interfaces/local/lib/python3.10/dist-packages/my_controller_interfaces/my_controller_interfaces_s__rosidl_typesupport_fastrtps_c.cpython-310-x86_64-linux-gnu.so
[4.716s] -- Set runtime path of "/home/kaymarrr/fra501_ws/install/my_controller_interfaces/local/lib/python3.10/dist-packages/my_controller_interfaces/my_controller_interfaces_s__rosidl_typesupport_fastrtps_c.cpython-310-x86_64-linux-gnu.so" to ""
[4.716s] -- Installing: /home/kaymarrr/fra501_ws/install/my_controller_interfaces/local/lib/python3.10/dist-packages/my_controller_interfaces/my_controller_interfaces_s__rosidl_typesupport_introspection_c.cpython-310-x86_64-linux-gnu.so
[4.716s] -- Set runtime path of "/home/kaymarrr/fra501_ws/install/my_controller_interfaces/local/lib/python3.10/dist-packages/my_controller_interfaces/my_controller_interfaces_s__rosidl_typesupport_introspection_c.cpython-310-x86_64-linux-gnu.so" to ""
[4.716s] -- Installing: /home/kaymarrr/fra501_ws/install/my_controller_interfaces/local/lib/python3.10/dist-packages/my_controller_interfaces/my_controller_interfaces_s__rosidl_typesupport_c.cpython-310-x86_64-linux-gnu.so
[4.716s] -- Set runtime path of "/home/kaymarrr/fra501_ws/install/my_controller_interfaces/local/lib/python3.10/dist-packages/my_controller_interfaces/my_controller_interfaces_s__rosidl_typesupport_c.cpython-310-x86_64-linux-gnu.so" to ""
[4.716s] -- Installing: /home/kaymarrr/fra501_ws/install/my_controller_interfaces/lib/libmy_controller_interfaces__rosidl_generator_py.so
[4.717s] -- Set runtime path of "/home/kaymarrr/fra501_ws/install/my_controller_interfaces/lib/libmy_controller_interfaces__rosidl_generator_py.so" to ""
[4.717s] -- Installing: /home/kaymarrr/fra501_ws/install/my_controller_interfaces/share/my_controller_interfaces/srv/SetTarget.idl
[4.717s] -- Installing: /home/kaymarrr/fra501_ws/install/my_controller_interfaces/share/my_controller_interfaces/srv/SetTarget.srv
[4.717s] -- Installing: /home/kaymarrr/fra501_ws/install/my_controller_interfaces/share/my_controller_interfaces/srv/SetTarget_Request.msg
[4.717s] -- Installing: /home/kaymarrr/fra501_ws/install/my_controller_interfaces/share/my_controller_interfaces/srv/SetTarget_Response.msg
[4.717s] -- Installing: /home/kaymarrr/fra501_ws/install/my_controller_interfaces/share/ament_index/resource_index/package_run_dependencies/my_controller_interfaces
[4.717s] -- Installing: /home/kaymarrr/fra501_ws/install/my_controller_interfaces/share/ament_index/resource_index/parent_prefix_path/my_controller_interfaces
[4.717s] -- Installing: /home/kaymarrr/fra501_ws/install/my_controller_interfaces/share/my_controller_interfaces/environment/ament_prefix_path.sh
[4.717s] -- Installing: /home/kaymarrr/fra501_ws/install/my_controller_interfaces/share/my_controller_interfaces/environment/ament_prefix_path.dsv
[4.717s] -- Installing: /home/kaymarrr/fra501_ws/install/my_controller_interfaces/share/my_controller_interfaces/environment/path.sh
[4.717s] -- Installing: /home/kaymarrr/fra501_ws/install/my_controller_interfaces/share/my_controller_interfaces/environment/path.dsv
[4.718s] -- Installing: /home/kaymarrr/fra501_ws/install/my_controller_interfaces/share/my_controller_interfaces/local_setup.bash
[4.718s] -- Installing: /home/kaymarrr/fra501_ws/install/my_controller_interfaces/share/my_controller_interfaces/local_setup.sh
[4.718s] -- Installing: /home/kaymarrr/fra501_ws/install/my_controller_interfaces/share/my_controller_interfaces/local_setup.zsh
[4.718s] -- Installing: /home/kaymarrr/fra501_ws/install/my_controller_interfaces/share/my_controller_interfaces/local_setup.dsv
[4.718s] -- Installing: /home/kaymarrr/fra501_ws/install/my_controller_interfaces/share/my_controller_interfaces/package.dsv
[4.718s] -- Installing: /home/kaymarrr/fra501_ws/install/my_controller_interfaces/share/ament_index/resource_index/packages/my_controller_interfaces
[4.718s] -- Installing: /home/kaymarrr/fra501_ws/install/my_controller_interfaces/share/my_controller_interfaces/cmake/export_my_controller_interfaces__rosidl_generator_cExport.cmake
[4.718s] -- Installing: /home/kaymarrr/fra501_ws/install/my_controller_interfaces/share/my_controller_interfaces/cmake/export_my_controller_interfaces__rosidl_generator_cExport-noconfig.cmake
[4.718s] -- Installing: /home/kaymarrr/fra501_ws/install/my_controller_interfaces/share/my_controller_interfaces/cmake/export_my_controller_interfaces__rosidl_typesupport_fastrtps_cExport.cmake
[4.718s] -- Installing: /home/kaymarrr/fra501_ws/install/my_controller_interfaces/share/my_controller_interfaces/cmake/export_my_controller_interfaces__rosidl_typesupport_fastrtps_cExport-noconfig.cmake
[4.718s] -- Installing: /home/kaymarrr/fra501_ws/install/my_controller_interfaces/share/my_controller_interfaces/cmake/export_my_controller_interfaces__rosidl_generator_cppExport.cmake
[4.718s] -- Installing: /home/kaymarrr/fra501_ws/install/my_controller_interfaces/share/my_controller_interfaces/cmake/export_my_controller_interfaces__rosidl_typesupport_fastrtps_cppExport.cmake
[4.719s] -- Installing: /home/kaymarrr/fra501_ws/install/my_controller_interfaces/share/my_controller_interfaces/cmake/export_my_controller_interfaces__rosidl_typesupport_fastrtps_cppExport-noconfig.cmake
[4.719s] -- Installing: /home/kaymarrr/fra501_ws/install/my_controller_interfaces/share/my_controller_interfaces/cmake/my_controller_interfaces__rosidl_typesupport_introspection_cExport.cmake
[4.719s] -- Installing: /home/kaymarrr/fra501_ws/install/my_controller_interfaces/share/my_controller_interfaces/cmake/my_controller_interfaces__rosidl_typesupport_introspection_cExport-noconfig.cmake
[4.719s] -- Installing: /home/kaymarrr/fra501_ws/install/my_controller_interfaces/share/my_controller_interfaces/cmake/my_controller_interfaces__rosidl_typesupport_cExport.cmake
[4.719s] -- Installing: /home/kaymarrr/fra501_ws/install/my_controller_interfaces/share/my_controller_interfaces/cmake/my_controller_interfaces__rosidl_typesupport_cExport-noconfig.cmake
[4.719s] -- Installing: /home/kaymarrr/fra501_ws/install/my_controller_interfaces/share/my_controller_interfaces/cmake/my_controller_interfaces__rosidl_typesupport_introspection_cppExport.cmake
[4.719s] -- Installing: /home/kaymarrr/fra501_ws/install/my_controller_interfaces/share/my_controller_interfaces/cmake/my_controller_interfaces__rosidl_typesupport_introspection_cppExport-noconfig.cmake
[4.719s] -- Installing: /home/kaymarrr/fra501_ws/install/my_controller_interfaces/share/my_controller_interfaces/cmake/my_controller_interfaces__rosidl_typesupport_cppExport.cmake
[4.719s] -- Installing: /home/kaymarrr/fra501_ws/install/my_controller_interfaces/share/my_controller_interfaces/cmake/my_controller_interfaces__rosidl_typesupport_cppExport-noconfig.cmake
[4.719s] -- Installing: /home/kaymarrr/fra501_ws/install/my_controller_interfaces/share/my_controller_interfaces/cmake/export_my_controller_interfaces__rosidl_generator_pyExport.cmake
[4.719s] -- Installing: /home/kaymarrr/fra501_ws/install/my_controller_interfaces/share/my_controller_interfaces/cmake/export_my_controller_interfaces__rosidl_generator_pyExport-noconfig.cmake
[4.720s] -- Installing: /home/kaymarrr/fra501_ws/install/my_controller_interfaces/share/my_controller_interfaces/cmake/rosidl_cmake-extras.cmake
[4.720s] -- Installing: /home/kaymarrr/fra501_ws/install/my_controller_interfaces/share/my_controller_interfaces/cmake/ament_cmake_export_dependencies-extras.cmake
[4.720s] -- Installing: /home/kaymarrr/fra501_ws/install/my_controller_interfaces/share/my_controller_interfaces/cmake/ament_cmake_export_include_directories-extras.cmake
[4.720s] -- Installing: /home/kaymarrr/fra501_ws/install/my_controller_interfaces/share/my_controller_interfaces/cmake/ament_cmake_export_libraries-extras.cmake
[4.720s] -- Installing: /home/kaymarrr/fra501_ws/install/my_controller_interfaces/share/my_controller_interfaces/cmake/ament_cmake_export_targets-extras.cmake
[4.720s] -- Installing: /home/kaymarrr/fra501_ws/install/my_controller_interfaces/share/my_controller_interfaces/cmake/rosidl_cmake_export_typesupport_targets-extras.cmake
[4.720s] -- Installing: /home/kaymarrr/fra501_ws/install/my_controller_interfaces/share/my_controller_interfaces/cmake/rosidl_cmake_export_typesupport_libraries-extras.cmake
[4.720s] -- Installing: /home/kaymarrr/fra501_ws/install/my_controller_interfaces/share/my_controller_interfaces/cmake/my_controller_interfacesConfig.cmake
[4.720s] -- Installing: /home/kaymarrr/fra501_ws/install/my_controller_interfaces/share/my_controller_interfaces/cmake/my_controller_interfacesConfig-version.cmake
[4.720s] -- Installing: /home/kaymarrr/fra501_ws/install/my_controller_interfaces/share/my_controller_interfaces/package.xml
[4.724s] Invoked command in '/home/kaymarrr/fra501_ws/build/my_controller_interfaces' returned '0': CMAKE_PREFIX_PATH=${CMAKE_PREFIX_PATH}:/opt/ros/humble /usr/bin/cmake --install /home/kaymarrr/fra501_ws/build/my_controller_interfaces
